<?xml version="1.0" encoding="UTF-8" ?>
<testsuites name="vitest tests" tests="1803" failures="0" errors="0" time="119.287983793">
  <testsuite name="src/auto-detect/__tests__/DomScanner.unit.ts" timestamp="2026-05-12T08:16:31.653Z"
             hostname="Ms-MacBook-Air.fritz.box" tests="14" failures="0" errors="0" skipped="0" time="0.012512958">
    <testcase classname="src/auto-detect/__tests__/DomScanner.unit.ts"
              name="DomScanner &gt; scanDom() &gt; collects text nodes from a simple paragraph" time="0.002104167">
    </testcase>
    <testcase classname="src/auto-detect/__tests__/DomScanner.unit.ts"
              name="DomScanner &gt; scanDom() &gt; skips &lt;script&gt; elements and their children" time="0.000725625">
    </testcase>
    <testcase classname="src/auto-detect/__tests__/DomScanner.unit.ts"
              name="DomScanner &gt; scanDom() &gt; skips &lt;style&gt; elements" time="0.000933333">
    </testcase>
    <testcase classname="src/auto-detect/__tests__/DomScanner.unit.ts"
              name="DomScanner &gt; scanDom() &gt; skips &lt;textarea&gt; elements" time="0.000841333">
    </testcase>
    <testcase classname="src/auto-detect/__tests__/DomScanner.unit.ts"
              name="DomScanner &gt; scanDom() &gt; skips &lt;pid-component&gt; elements" time="0.000831042">
    </testcase>
    <testcase classname="src/auto-detect/__tests__/DomScanner.unit.ts"
              name="DomScanner &gt; scanDom() &gt; skips elements with contenteditable attribute" time="0.000857625">
    </testcase>
    <testcase classname="src/auto-detect/__tests__/DomScanner.unit.ts"
              name="DomScanner &gt; scanDom() &gt; skips elements matching exclude CSS selector" time="0.000913042">
    </testcase>
    <testcase classname="src/auto-detect/__tests__/DomScanner.unit.ts"
              name="DomScanner &gt; scanDom() &gt; ignores text nodes with less than 2 chars after trimming"
              time="0.000251083">
    </testcase>
    <testcase classname="src/auto-detect/__tests__/DomScanner.unit.ts"
              name="DomScanner &gt; scanDom() &gt; handles nested elements correctly" time="0.000244459">
    </testcase>
    <testcase classname="src/auto-detect/__tests__/DomScanner.unit.ts"
              name="DomScanner &gt; scanDom() &gt; returns unique IDs for each text node" time="0.000401792">
    </testcase>
    <testcase classname="src/auto-detect/__tests__/DomScanner.unit.ts"
              name="DomScanner &gt; scanDom() &gt; returns correct text content for each scanned node" time="0.00033">
    </testcase>
    <testcase classname="src/auto-detect/__tests__/DomScanner.unit.ts"
              name="DomScanner &gt; scanDom() &gt; skips already-processed elements (with data-pid-auto-detected attribute)"
              time="0.000225791">
    </testcase>
    <testcase classname="src/auto-detect/__tests__/DomScanner.unit.ts"
              name="DomScanner &gt; scanDom() &gt; skips elements inside .pid-auto-detect-wrapper" time="0.000145333">
    </testcase>
    <testcase classname="src/auto-detect/__tests__/DomScanner.unit.ts"
              name="DomScanner &gt; scanDom() &gt; handles missing requestIdleCallback gracefully" time="0.002490875">
    </testcase>
  </testsuite>
  <testsuite name="src/auto-detect/__tests__/TextReplacer.unit.ts" timestamp="2026-05-12T08:16:31.655Z"
             hostname="Ms-MacBook-Air.fritz.box" tests="8" failures="0" errors="0" skipped="0" time="0.016306083">
    <testcase classname="src/auto-detect/__tests__/TextReplacer.unit.ts"
              name="TextReplacer &gt; replaceMatches() &gt; replaces a single match with a wrapper containing pid-component"
              time="0.00530925">
    </testcase>
    <testcase classname="src/auto-detect/__tests__/TextReplacer.unit.ts"
              name="TextReplacer &gt; replaceMatches() &gt; keeps non-matched text before and after as plain text nodes"
              time="0.001387916">
    </testcase>
    <testcase classname="src/auto-detect/__tests__/TextReplacer.unit.ts"
              name="TextReplacer &gt; replaceMatches() &gt; handles multiple matches in one text node"
              time="0.001385083">
    </testcase>
    <testcase classname="src/auto-detect/__tests__/TextReplacer.unit.ts"
              name="TextReplacer &gt; replaceMatches() &gt; deduplicates overlapping matches" time="0.002156">
    </testcase>
    <testcase classname="src/auto-detect/__tests__/TextReplacer.unit.ts"
              name="TextReplacer &gt; replaceMatches() &gt; applies config props (darkMode) to created pid-component"
              time="0.000971708">
    </testcase>
    <testcase classname="src/auto-detect/__tests__/TextReplacer.unit.ts"
              name="TextReplacer &gt; replaceMatches() &gt; sets data-pid-auto-detected attribute on processed text nodes"
              time="0.001515959">
    </testcase>
    <testcase classname="src/auto-detect/__tests__/TextReplacer.unit.ts"
              name="TextReplacer &gt; restoreOriginalText() &gt; removes wrappers and puts text back"
              time="0.001032292">
    </testcase>
    <testcase classname="src/auto-detect/__tests__/TextReplacer.unit.ts"
              name="TextReplacer &gt; restoreOriginalText() &gt; normalizes adjacent text nodes after restoration"
              time="0.000875125">
    </testcase>
  </testsuite>
  <testsuite name="src/auto-detect/__tests__/detection-registry.unit.ts" timestamp="2026-05-12T08:16:31.655Z"
             hostname="Ms-MacBook-Air.fritz.box" tests="75" failures="0" errors="0" skipped="0" time="0.018009916">
    <testcase classname="src/auto-detect/__tests__/detection-registry.unit.ts"
              name="detection-registry &gt; sanitizeToken() &gt; strips trailing dot" time="0.002321042">
    </testcase>
    <testcase classname="src/auto-detect/__tests__/detection-registry.unit.ts"
              name="detection-registry &gt; sanitizeToken() &gt; strips trailing comma" time="0.000229459">
    </testcase>
    <testcase classname="src/auto-detect/__tests__/detection-registry.unit.ts"
              name="detection-registry &gt; sanitizeToken() &gt; strips surrounding double quotes" time="0.000089958">
    </testcase>
    <testcase classname="src/auto-detect/__tests__/detection-registry.unit.ts"
              name="detection-registry &gt; sanitizeToken() &gt; strips surrounding parentheses" time="0.000105291">
    </testcase>
    <testcase classname="src/auto-detect/__tests__/detection-registry.unit.ts"
              name="detection-registry &gt; sanitizeToken() &gt; strips surrounding single quotes" time="0.000080541">
    </testcase>
    <testcase classname="src/auto-detect/__tests__/detection-registry.unit.ts"
              name="detection-registry &gt; sanitizeToken() &gt; strips trailing semicolon" time="0.0000685">
    </testcase>
    <testcase classname="src/auto-detect/__tests__/detection-registry.unit.ts"
              name="detection-registry &gt; sanitizeToken() &gt; strips trailing colon" time="0.000064167">
    </testcase>
    <testcase classname="src/auto-detect/__tests__/detection-registry.unit.ts"
              name="detection-registry &gt; sanitizeToken() &gt; returns unchanged value when no leading/trailing punctuation"
              time="0.000090833">
    </testcase>
    <testcase classname="src/auto-detect/__tests__/detection-registry.unit.ts"
              name="detection-registry &gt; sanitizeToken() &gt; returns empty string for all-punctuation input"
              time="0.000084291">
    </testcase>
    <testcase classname="src/auto-detect/__tests__/detection-registry.unit.ts"
              name="detection-registry &gt; sanitizeToken() &gt; returns correct leadingStripped count for leading quote"
              time="0.000123292">
    </testcase>
    <testcase classname="src/auto-detect/__tests__/detection-registry.unit.ts"
              name="detection-registry &gt; sanitizeToken() &gt; returns correct leadingStripped count for leading parenthesis"
              time="0.000064542">
    </testcase>
    <testcase classname="src/auto-detect/__tests__/detection-registry.unit.ts"
              name="detection-registry &gt; sanitizeToken() &gt; returns leadingStripped 0 when only trailing punctuation"
              time="0.000055417">
    </testcase>
    <testcase classname="src/auto-detect/__tests__/detection-registry.unit.ts"
              name="detection-registry &gt; sanitizeToken() &gt; strips multiple leading/trailing punctuation characters"
              time="0.000063708">
    </testcase>
    <testcase classname="src/auto-detect/__tests__/detection-registry.unit.ts"
              name="detection-registry &gt; sanitizeToken() &gt; strips surrounding straight double quotes"
              time="0.000061375">
    </testcase>
    <testcase classname="src/auto-detect/__tests__/detection-registry.unit.ts"
              name="detection-registry &gt; sanitizeToken() &gt; strips surrounding guillemets" time="0.000151542">
    </testcase>
    <testcase classname="src/auto-detect/__tests__/detection-registry.unit.ts"
              name="detection-registry &gt; sanitizeToken() &gt; strips whitespace-only input to empty string"
              time="0.000129375">
    </testcase>
    <testcase classname="src/auto-detect/__tests__/detection-registry.unit.ts"
              name="detection-registry &gt; sanitizeToken() &gt; handles mixed leading and trailing punctuation"
              time="0.000100125">
    </testcase>
    <testcase classname="src/auto-detect/__tests__/detection-registry.unit.ts"
              name="detection-registry &gt; sanitizeToken() &gt; returns empty string for empty input with leadingStripped 0"
              time="0.000076458">
    </testcase>
    <testcase classname="src/auto-detect/__tests__/detection-registry.unit.ts"
              name="detection-registry &gt; detectBestFit() — default mode &gt; returns DOIType for a bare DOI"
              time="0.0013435">
    </testcase>
    <testcase classname="src/auto-detect/__tests__/detection-registry.unit.ts"
              name="detection-registry &gt; detectBestFit() — default mode &gt; returns DOIType for a DOI with doi: prefix"
              time="0.000751292">
    </testcase>
    <testcase classname="src/auto-detect/__tests__/detection-registry.unit.ts"
              name="detection-registry &gt; detectBestFit() — default mode &gt; returns ORCIDType for a bare ORCID"
              time="0.000106417">
    </testcase>
    <testcase classname="src/auto-detect/__tests__/detection-registry.unit.ts"
              name="detection-registry &gt; detectBestFit() — default mode &gt; returns ORCIDType for an ORCID URL"
              time="0.00007925">
    </testcase>
    <testcase classname="src/auto-detect/__tests__/detection-registry.unit.ts"
              name="detection-registry &gt; detectBestFit() — default mode &gt; returns HandleType for a Handle identifier"
              time="0.00019625">
    </testcase>
    <testcase classname="src/auto-detect/__tests__/detection-registry.unit.ts"
              name="detection-registry &gt; detectBestFit() — default mode &gt; returns RORType for a ROR URL"
              time="0.000400167">
    </testcase>
    <testcase classname="src/auto-detect/__tests__/detection-registry.unit.ts"
              name="detection-registry &gt; detectBestFit() — default mode &gt; returns SPDXType for an SPDX license URL"
              time="0.000223792">
    </testcase>
    <testcase classname="src/auto-detect/__tests__/detection-registry.unit.ts"
              name="detection-registry &gt; detectBestFit() — default mode &gt; returns EmailType for an email address"
              time="0.0002165">
    </testcase>
    <testcase classname="src/auto-detect/__tests__/detection-registry.unit.ts"
              name="detection-registry &gt; detectBestFit() — default mode &gt; returns URLType for a generic HTTPS URL"
              time="0.000201208">
    </testcase>
    <testcase classname="src/auto-detect/__tests__/detection-registry.unit.ts"
              name="detection-registry &gt; detectBestFit() — default mode &gt; returns DateType for an ISO 8601 datetime with timezone offset"
              time="0.000057666">
    </testcase>
    <testcase classname="src/auto-detect/__tests__/detection-registry.unit.ts"
              name="detection-registry &gt; detectBestFit() — default mode &gt; returns LocaleType for a locale with region subtag"
              time="0.000206917">
    </testcase>
    <testcase classname="src/auto-detect/__tests__/detection-registry.unit.ts"
              name="detection-registry &gt; detectBestFit() — default mode &gt; returns null for a random word with no match"
              time="0.000074833">
    </testcase>
    <testcase classname="src/auto-detect/__tests__/detection-registry.unit.ts"
              name="detection-registry &gt; detectBestFit() — default mode &gt; returns null for an empty string"
              time="0.000064">
    </testcase>
    <testcase classname="src/auto-detect/__tests__/detection-registry.unit.ts"
              name="detection-registry &gt; detectBestFit() — default mode &gt; returns JSONType for a JSON object string"
              time="0.000081375">
    </testcase>
    <testcase classname="src/auto-detect/__tests__/detection-registry.unit.ts"
              name="detection-registry &gt; detectBestFit() — default mode &gt; returns DOIType for a DOI with https://doi.org/ prefix"
              time="0.000046458">
    </testcase>
    <testcase classname="src/auto-detect/__tests__/detection-registry.unit.ts"
              name="detection-registry &gt; detectBestFit() — default mode &gt; returns DOIType for a DOI with https://dx.doi.org/ prefix"
              time="0.00004525">
    </testcase>
    <testcase classname="src/auto-detect/__tests__/detection-registry.unit.ts"
              name="detection-registry &gt; detectBestFit() — default mode &gt; returns DateType for a datetime with Z timezone"
              time="0.000037125">
    </testcase>
    <testcase classname="src/auto-detect/__tests__/detection-registry.unit.ts"
              name="detection-registry &gt; detectBestFit() — default mode &gt; returns null for a bare two-letter locale code (too ambiguous)"
              time="0.00007875">
    </testcase>
    <testcase classname="src/auto-detect/__tests__/detection-registry.unit.ts"
              name="detection-registry &gt; detectBestFit() — default mode &gt; returns null for a bare SPDX license ID (too broad for auto-detect)"
              time="0.000073709">
    </testcase>
    <testcase classname="src/auto-detect/__tests__/detection-registry.unit.ts"
              name="detection-registry &gt; detectBestFit() — ordered mode &gt; matches DOI value when DOIType is in the list"
              time="0.000109">
    </testcase>
    <testcase classname="src/auto-detect/__tests__/detection-registry.unit.ts"
              name="detection-registry &gt; detectBestFit() — ordered mode &gt; does NOT match DOI value when only ORCIDType is in the list (strict mode)"
              time="0.000050958">
    </testcase>
    <testcase classname="src/auto-detect/__tests__/detection-registry.unit.ts"
              name="detection-registry &gt; detectBestFit() — ordered mode &gt; HandleType wins for a DOI when HandleType is listed before DataCiteDOIType"
              time="0.000041625">
    </testcase>
    <testcase classname="src/auto-detect/__tests__/detection-registry.unit.ts"
              name="detection-registry &gt; detectBestFit() — ordered mode &gt; DataCiteDOIType wins when it is listed before HandleType"
              time="0.000039667">
    </testcase>
    <testcase classname="src/auto-detect/__tests__/detection-registry.unit.ts"
              name="detection-registry &gt; detectBestFit() — ordered mode &gt; skips unknown keys gracefully and still matches known ones"
              time="0.000039125">
    </testcase>
    <testcase classname="src/auto-detect/__tests__/detection-registry.unit.ts"
              name="detection-registry &gt; detectBestFit() — ordered mode &gt; returns null when all keys in the list are unknown (strict mode)"
              time="0.000039333">
    </testcase>
    <testcase classname="src/auto-detect/__tests__/detection-registry.unit.ts"
              name="detection-registry &gt; detectBestFit() — ordered mode &gt; returns null when the ordered list is empty"
              time="0.00004225">
    </testcase>
    <testcase classname="src/auto-detect/__tests__/detection-registry.unit.ts"
              name="detection-registry &gt; detectBestFit() — ordered mode &gt; returns null when the ordered list has no match"
              time="0.000116667">
    </testcase>
    <testcase classname="src/auto-detect/__tests__/detection-registry.unit.ts"
              name="detection-registry &gt; detectBestFit() — ordered mode &gt; skips unknown keys and falls back to default when fallbackToAll is true"
              time="0.000047125">
    </testcase>
    <testcase classname="src/auto-detect/__tests__/detection-registry.unit.ts"
              name="detection-registry &gt; detectBestFit() — ordered mode &gt; skips unknown keys and returns null when fallbackToAll is false"
              time="0.00004075">
    </testcase>
    <testcase classname="src/auto-detect/__tests__/detection-registry.unit.ts"
              name="detection-registry &gt; detectBestFit() — ordered mode &gt; duplicate keys in ordered list — first match wins"
              time="0.000044">
    </testcase>
    <testcase classname="src/auto-detect/__tests__/detection-registry.unit.ts"
              name="detection-registry &gt; detectBestFit() — ordered mode with non-auto-discoverable renderers &gt; LocaleType matches when explicitly listed (not auto-discoverable by default)"
              time="0.00022575">
    </testcase>
    <testcase classname="src/auto-detect/__tests__/detection-registry.unit.ts"
              name="detection-registry &gt; detectBestFit() — ordered mode with non-auto-discoverable renderers &gt; LocaleType returns null in default mode (not auto-discoverable)"
              time="0.001174583">
    </testcase>
    <testcase classname="src/auto-detect/__tests__/detection-registry.unit.ts"
              name="detection-registry &gt; detectBestFit() — ordered mode with non-auto-discoverable renderers &gt; en-US locale matches when explicitly listed"
              time="0.000144916">
    </testcase>
    <testcase classname="src/auto-detect/__tests__/detection-registry.unit.ts"
              name="detection-registry &gt; detectBestFit() — ordered mode with non-auto-discoverable renderers &gt; strictly ordered mode with non-auto-discoverable renderer and fallbackToAll=false"
              time="0.000094292">
    </testcase>
    <testcase classname="src/auto-detect/__tests__/detection-registry.unit.ts"
              name="detection-registry &gt; detectBestFit() — quickCheck() returning undefined &gt; SPDX bare license ID quickCheck() returns undefined (not false)"
              time="0.000094167">
    </testcase>
    <testcase classname="src/auto-detect/__tests__/detection-registry.unit.ts"
              name="detection-registry &gt; detectBestFit() — quickCheck() returning undefined &gt; SPDX bare license ID returns null in default mode (undefined is falsy)"
              time="0.000332208">
    </testcase>
    <testcase classname="src/auto-detect/__tests__/detection-registry.unit.ts"
              name="detection-registry &gt; detectBestFit() — quickCheck() returning undefined &gt; SPDX bare license ID with ordered list and fallbackToAll=true falls back to null"
              time="0.000363417">
    </testcase>
    <testcase classname="src/auto-detect/__tests__/detection-registry.unit.ts"
              name="detection-registry &gt; detectBestFit() — quickCheck() returning undefined &gt; Apache-2.0 bare ID returns null in default mode"
              time="0.000210083">
    </testcase>
    <testcase classname="src/auto-detect/__tests__/detection-registry.unit.ts"
              name="detection-registry &gt; detectBestFit() — fallbackToAll &gt; falls back to default registry when ordered list has no match (fallbackToAll=true)"
              time="0.000164709">
    </testcase>
    <testcase classname="src/auto-detect/__tests__/detection-registry.unit.ts"
              name="detection-registry &gt; detectBestFit() — fallbackToAll &gt; returns null when ordered list has no match and fallbackToAll=false"
              time="0.00013525">
    </testcase>
    <testcase classname="src/auto-detect/__tests__/detection-registry.unit.ts"
              name="detection-registry &gt; detectBestFit() — fallbackToAll &gt; fallbackToAll defaults to true when not specified"
              time="0.000136709">
    </testcase>
    <testcase classname="src/auto-detect/__tests__/detection-registry.unit.ts"
              name="detection-registry &gt; detectBestFit() — fallbackToAll &gt; empty ordered list with fallbackToAll=true falls back to default"
              time="0.000131958">
    </testcase>
    <testcase classname="src/auto-detect/__tests__/detection-registry.unit.ts"
              name="detection-registry &gt; detectBestFit() — fallbackToAll &gt; empty ordered list with fallbackToAll=false falls back to default"
              time="0.000155">
    </testcase>
    <testcase classname="src/auto-detect/__tests__/detection-registry.unit.ts"
              name="detection-registry &gt; priority ordering &gt; DOI beats Handle in default mode for a DOI value"
              time="0.000222625">
    </testcase>
    <testcase classname="src/auto-detect/__tests__/detection-registry.unit.ts"
              name="detection-registry &gt; priority ordering &gt; ORCID beats Handle in default mode for an ORCID value"
              time="0.000064292">
    </testcase>
    <testcase classname="src/auto-detect/__tests__/detection-registry.unit.ts"
              name="detection-registry &gt; priority ordering &gt; ORCIDType appears before DataCiteDOIType in the registry"
              time="0.000191791">
    </testcase>
    <testcase classname="src/auto-detect/__tests__/detection-registry.unit.ts"
              name="detection-registry &gt; priority ordering &gt; DataCiteDOIType appears before HandleType in the registry"
              time="0.00006325">
    </testcase>
    <testcase classname="src/auto-detect/__tests__/detection-registry.unit.ts"
              name="detection-registry &gt; priority ordering &gt; SPDXType URL is matched before URLType in default mode"
              time="0.000085416">
    </testcase>
    <testcase classname="src/auto-detect/__tests__/detection-registry.unit.ts"
              name="detection-registry &gt; priority ordering &gt; ROR URL is matched as RORType rather than URLType"
              time="0.000094334">
    </testcase>
    <testcase classname="src/auto-detect/__tests__/detection-registry.unit.ts"
              name="detection-registry &gt; priority ordering &gt; ORCID URL is matched as ORCIDType rather than URLType"
              time="0.000055625">
    </testcase>
    <testcase classname="src/auto-detect/__tests__/detection-registry.unit.ts"
              name="detection-registry &gt; individual detector edge cases &gt; EmailType rejects empty string"
              time="0.000065583">
    </testcase>
    <testcase classname="src/auto-detect/__tests__/detection-registry.unit.ts"
              name="detection-registry &gt; individual detector edge cases &gt; JSONType rejects a plain string (non-object)"
              time="0.0001105">
    </testcase>
    <testcase classname="src/auto-detect/__tests__/detection-registry.unit.ts"
              name="detection-registry &gt; individual detector edge cases &gt; JSONType rejects an empty string"
              time="0.000056833">
    </testcase>
    <testcase classname="src/auto-detect/__tests__/detection-registry.unit.ts"
              name="detection-registry &gt; individual detector edge cases &gt; JSONType accepts a JSON array"
              time="0.000258458">
    </testcase>
    <testcase classname="src/auto-detect/__tests__/detection-registry.unit.ts"
              name="detection-registry &gt; individual detector edge cases &gt; JSONType rejects invalid JSON"
              time="0.000190084">
    </testcase>
    <testcase classname="src/auto-detect/__tests__/detection-registry.unit.ts"
              name="detection-registry &gt; individual detector edge cases &gt; LocaleType rejects bare two-letter code"
              time="0.000072792">
    </testcase>
    <testcase classname="src/auto-detect/__tests__/detection-registry.unit.ts"
              name="detection-registry &gt; individual detector edge cases &gt; LocaleType accepts &quot;en-US&quot;"
              time="0.000053084">
    </testcase>
  </testsuite>
  <testsuite name="src/auto-detect/__tests__/initPidDetection.unit.ts" timestamp="2026-05-12T08:16:31.660Z"
             hostname="Ms-MacBook-Air.fritz.box" tests="9" failures="0" errors="0" skipped="0" time="0.008118417">
    <testcase classname="src/auto-detect/__tests__/initPidDetection.unit.ts"
              name="initPidDetection &gt; basic functionality &gt; creates a controller with destroy method"
              time="0.00346675">
    </testcase>
    <testcase classname="src/auto-detect/__tests__/initPidDetection.unit.ts"
              name="initPidDetection &gt; basic functionality &gt; scans the DOM on initialization" time="0.00046075">
    </testcase>
    <testcase classname="src/auto-detect/__tests__/initPidDetection.unit.ts"
              name="initPidDetection &gt; basic functionality &gt; does not throw when called without options"
              time="0.000527959">
    </testcase>
    <testcase classname="src/auto-detect/__tests__/initPidDetection.unit.ts"
              name="initPidDetection &gt; basic functionality &gt; handles root element that is not document.body"
              time="0.000539584">
    </testcase>
    <testcase classname="src/auto-detect/__tests__/initPidDetection.unit.ts"
              name="initPidDetection &gt; controller methods &gt; stop() disconnects the MutationObserver when observe is true"
              time="0.000984833">
    </testcase>
    <testcase classname="src/auto-detect/__tests__/initPidDetection.unit.ts"
              name="initPidDetection &gt; controller methods &gt; rescan() calls scanDom again" time="0.000304125">
    </testcase>
    <testcase classname="src/auto-detect/__tests__/initPidDetection.unit.ts"
              name="initPidDetection &gt; controller methods &gt; destroy() disconnects observer and calls restoreOriginalText"
              time="0.000273333">
    </testcase>
    <testcase classname="src/auto-detect/__tests__/initPidDetection.unit.ts"
              name="initPidDetection &gt; controller methods &gt; destroy() handles case when observer is not set"
              time="0.000180292">
    </testcase>
    <testcase classname="src/auto-detect/__tests__/initPidDetection.unit.ts"
              name="initPidDetection &gt; lifecycle methods &gt; destroy() restores original text for accumulated records"
              time="0.000252208">
    </testcase>
  </testsuite>
  <testsuite name="src/utils/__tests__/DataCache.unit.ts" timestamp="2026-05-12T08:16:31.660Z"
             hostname="Ms-MacBook-Air.fritz.box" tests="9" failures="0" errors="0" skipped="0" time="0.011203416">
    <testcase classname="src/utils/__tests__/DataCache.unit.ts"
              name="DataCache &gt; cachedFetch() without cache API available &gt; falls back to fetch when no cache is available"
              time="0.0054925">
    </testcase>
    <testcase classname="src/utils/__tests__/DataCache.unit.ts"
              name="DataCache &gt; cachedFetch() without cache API available &gt; passes init options through to fetch"
              time="0.000577208">
    </testcase>
    <testcase classname="src/utils/__tests__/DataCache.unit.ts"
              name="DataCache &gt; cachedFetch() with cache API available &gt; returns cached response when cache hit occurs"
              time="0.000517917">
    </testcase>
    <testcase classname="src/utils/__tests__/DataCache.unit.ts"
              name="DataCache &gt; cachedFetch() with cache API available &gt; fetches from network, caches, and returns data on cache miss for https URL"
              time="0.000333375">
    </testcase>
    <testcase classname="src/utils/__tests__/DataCache.unit.ts"
              name="DataCache &gt; cachedFetch() with cache API available &gt; upgrades http to https when fetching on cache miss"
              time="0.000205875">
    </testcase>
    <testcase classname="src/utils/__tests__/DataCache.unit.ts"
              name="DataCache &gt; cachedFetch() with cache API available &gt; falls back to http when https fails with falsy response"
              time="0.000556959">
    </testcase>
    <testcase classname="src/utils/__tests__/DataCache.unit.ts"
              name="DataCache &gt; cachedFetch() with cache API available &gt; throws error when fetch fails completely"
              time="0.001059416">
    </testcase>
    <testcase classname="src/utils/__tests__/DataCache.unit.ts"
              name="DataCache &gt; clearCache() &gt; works without error when no cache instance exists"
              time="0.000236334">
    </testcase>
    <testcase classname="src/utils/__tests__/DataCache.unit.ts"
              name="DataCache &gt; clearCache() &gt; calls delete on the cache instance when it exists"
              time="0.00017425">
    </testcase>
  </testsuite>
  <testsuite name="src/utils/__tests__/FoldableAction.unit.ts" timestamp="2026-05-12T08:16:31.661Z"
             hostname="Ms-MacBook-Air.fritz.box" tests="14" failures="0" errors="0" skipped="0" time="0.002852375">
    <testcase classname="src/utils/__tests__/FoldableAction.unit.ts"
              name="FoldableAction &gt; constructor &gt; creates a FoldableAction with primary style" time="0.0011065">
    </testcase>
    <testcase classname="src/utils/__tests__/FoldableAction.unit.ts"
              name="FoldableAction &gt; constructor &gt; creates a FoldableAction with secondary style"
              time="0.000094625">
    </testcase>
    <testcase classname="src/utils/__tests__/FoldableAction.unit.ts"
              name="FoldableAction &gt; constructor &gt; creates a FoldableAction with danger style" time="0.000070333">
    </testcase>
    <testcase classname="src/utils/__tests__/FoldableAction.unit.ts"
              name="FoldableAction &gt; priority &gt; returns the priority" time="0.000068958">
    </testcase>
    <testcase classname="src/utils/__tests__/FoldableAction.unit.ts"
              name="FoldableAction &gt; title &gt; returns the title" time="0.000066334">
    </testcase>
    <testcase classname="src/utils/__tests__/FoldableAction.unit.ts"
              name="FoldableAction &gt; link &gt; returns the link" time="0.000063417">
    </testcase>
    <testcase classname="src/utils/__tests__/FoldableAction.unit.ts"
              name="FoldableAction &gt; style &gt; returns primary style" time="0.000060167">
    </testcase>
    <testcase classname="src/utils/__tests__/FoldableAction.unit.ts"
              name="FoldableAction &gt; style &gt; returns secondary style" time="0.000062375">
    </testcase>
    <testcase classname="src/utils/__tests__/FoldableAction.unit.ts"
              name="FoldableAction &gt; style &gt; returns danger style" time="0.00007">
    </testcase>
    <testcase classname="src/utils/__tests__/FoldableAction.unit.ts"
              name="FoldableAction &gt; equals() &gt; returns true for identical actions" time="0.000111875">
    </testcase>
    <testcase classname="src/utils/__tests__/FoldableAction.unit.ts"
              name="FoldableAction &gt; equals() &gt; returns false for different priority" time="0.000058291">
    </testcase>
    <testcase classname="src/utils/__tests__/FoldableAction.unit.ts"
              name="FoldableAction &gt; equals() &gt; returns false for different title" time="0.000049416">
    </testcase>
    <testcase classname="src/utils/__tests__/FoldableAction.unit.ts"
              name="FoldableAction &gt; equals() &gt; returns false for different link" time="0.000044416">
    </testcase>
    <testcase classname="src/utils/__tests__/FoldableAction.unit.ts"
              name="FoldableAction &gt; equals() &gt; returns false for different style" time="0.000040083">
    </testcase>
  </testsuite>
  <testsuite name="src/utils/__tests__/FoldableItem.unit.ts" timestamp="2026-05-12T08:16:31.662Z"
             hostname="Ms-MacBook-Air.fritz.box" tests="28" failures="0" errors="0" skipped="0" time="0.007523708">
    <testcase classname="src/utils/__tests__/FoldableItem.unit.ts"
              name="FoldableItem &gt; constructor &gt; creates a FoldableItem with all properties" time="0.002109166">
    </testcase>
    <testcase classname="src/utils/__tests__/FoldableItem.unit.ts"
              name="FoldableItem &gt; constructor &gt; creates a FoldableItem with default renderDynamically"
              time="0.000484167">
    </testcase>
    <testcase classname="src/utils/__tests__/FoldableItem.unit.ts"
              name="FoldableItem &gt; constructor &gt; creates a FoldableItem with renderDynamically set to false"
              time="0.000345583">
    </testcase>
    <testcase classname="src/utils/__tests__/FoldableItem.unit.ts"
              name="FoldableItem &gt; priority &gt; returns the priority" time="0.000113625">
    </testcase>
    <testcase classname="src/utils/__tests__/FoldableItem.unit.ts"
              name="FoldableItem &gt; keyTitle &gt; returns the key title" time="0.000083167">
    </testcase>
    <testcase classname="src/utils/__tests__/FoldableItem.unit.ts" name="FoldableItem &gt; value &gt; returns the value"
              time="0.000063458">
    </testcase>
    <testcase classname="src/utils/__tests__/FoldableItem.unit.ts"
              name="FoldableItem &gt; keyTooltip &gt; returns undefined when not provided" time="0.000079458">
    </testcase>
    <testcase classname="src/utils/__tests__/FoldableItem.unit.ts"
              name="FoldableItem &gt; keyTooltip &gt; returns the tooltip when provided" time="0.00011875">
    </testcase>
    <testcase classname="src/utils/__tests__/FoldableItem.unit.ts"
              name="FoldableItem &gt; keyLink &gt; returns undefined when not provided" time="0.000081416">
    </testcase>
    <testcase classname="src/utils/__tests__/FoldableItem.unit.ts"
              name="FoldableItem &gt; keyLink &gt; returns the link when provided" time="0.000153">
    </testcase>
    <testcase classname="src/utils/__tests__/FoldableItem.unit.ts"
              name="FoldableItem &gt; valueRegex &gt; returns undefined when not provided" time="0.000530875">
    </testcase>
    <testcase classname="src/utils/__tests__/FoldableItem.unit.ts"
              name="FoldableItem &gt; valueRegex &gt; returns the regex when provided" time="0.000236917">
    </testcase>
    <testcase classname="src/utils/__tests__/FoldableItem.unit.ts"
              name="FoldableItem &gt; renderDynamically &gt; returns true by default" time="0.0000705">
    </testcase>
    <testcase classname="src/utils/__tests__/FoldableItem.unit.ts"
              name="FoldableItem &gt; renderDynamically &gt; returns false when explicitly set" time="0.000088417">
    </testcase>
    <testcase classname="src/utils/__tests__/FoldableItem.unit.ts"
              name="FoldableItem &gt; estimatedTypePriority &gt; returns 0 when renderDynamically is true"
              time="0.0000525">
    </testcase>
    <testcase classname="src/utils/__tests__/FoldableItem.unit.ts"
              name="FoldableItem &gt; estimatedTypePriority &gt; returns MAX_SAFE_INTEGER when renderDynamically is false"
              time="0.000058292">
    </testcase>
    <testcase classname="src/utils/__tests__/FoldableItem.unit.ts"
              name="FoldableItem &gt; isValidValue() &gt; returns true when no regex is set" time="0.000343791">
    </testcase>
    <testcase classname="src/utils/__tests__/FoldableItem.unit.ts"
              name="FoldableItem &gt; isValidValue() &gt; returns true when value matches regex" time="0.00013">
    </testcase>
    <testcase classname="src/utils/__tests__/FoldableItem.unit.ts"
              name="FoldableItem &gt; isValidValue() &gt; returns false when value does not match regex"
              time="0.000083208">
    </testcase>
    <testcase classname="src/utils/__tests__/FoldableItem.unit.ts"
              name="FoldableItem &gt; isValidValue() &gt; handles regex with special characters" time="0.000064208">
    </testcase>
    <testcase classname="src/utils/__tests__/FoldableItem.unit.ts"
              name="FoldableItem &gt; equals() &gt; returns true for identical items" time="0.0001105">
    </testcase>
    <testcase classname="src/utils/__tests__/FoldableItem.unit.ts"
              name="FoldableItem &gt; equals() &gt; returns false for different keyTitle" time="0.000039542">
    </testcase>
    <testcase classname="src/utils/__tests__/FoldableItem.unit.ts"
              name="FoldableItem &gt; equals() &gt; returns false for different value" time="0.000036792">
    </testcase>
    <testcase classname="src/utils/__tests__/FoldableItem.unit.ts"
              name="FoldableItem &gt; equals() &gt; returns false for different keyTooltip" time="0.000048708">
    </testcase>
    <testcase classname="src/utils/__tests__/FoldableItem.unit.ts"
              name="FoldableItem &gt; equals() &gt; returns false for different keyLink" time="0.0000385">
    </testcase>
    <testcase classname="src/utils/__tests__/FoldableItem.unit.ts"
              name="FoldableItem &gt; equals() &gt; returns false for different renderDynamically" time="0.000045458">
    </testcase>
    <testcase classname="src/utils/__tests__/FoldableItem.unit.ts"
              name="FoldableItem &gt; equals() &gt; ignores priority in comparison" time="0.000036333">
    </testcase>
    <testcase classname="src/utils/__tests__/FoldableItem.unit.ts"
              name="FoldableItem &gt; equals() &gt; ignores valueRegex in comparison" time="0.000064833">
    </testcase>
  </testsuite>
  <testsuite name="src/utils/__tests__/GenericIdentifierType.unit.ts" timestamp="2026-05-12T08:16:31.663Z"
             hostname="Ms-MacBook-Air.fritz.box" tests="23" failures="0" errors="0" skipped="0" time="0.0082285">
    <testcase classname="src/utils/__tests__/GenericIdentifierType.unit.ts"
              name="GenericIdentifierType &gt; constructor &gt; stores the value passed to the constructor"
              time="0.002152666">
    </testcase>
    <testcase classname="src/utils/__tests__/GenericIdentifierType.unit.ts"
              name="GenericIdentifierType &gt; constructor &gt; stores settings when provided via setter"
              time="0.000397292">
    </testcase>
    <testcase classname="src/utils/__tests__/GenericIdentifierType.unit.ts"
              name="GenericIdentifierType &gt; constructor &gt; defaults settings to an empty array when not provided"
              time="0.001231375">
    </testcase>
    <testcase classname="src/utils/__tests__/GenericIdentifierType.unit.ts"
              name="GenericIdentifierType &gt; value getter &gt; returns the stored value" time="0.000277125">
    </testcase>
    <testcase classname="src/utils/__tests__/GenericIdentifierType.unit.ts"
              name="GenericIdentifierType &gt; settings getter/setter &gt; getter returns the current settings"
              time="0.000094459">
    </testcase>
    <testcase classname="src/utils/__tests__/GenericIdentifierType.unit.ts"
              name="GenericIdentifierType &gt; settings getter/setter &gt; setter updates the settings"
              time="0.000075625">
    </testcase>
    <testcase classname="src/utils/__tests__/GenericIdentifierType.unit.ts"
              name="GenericIdentifierType &gt; settings getter/setter &gt; setter triggers updateDarkMode"
              time="0.000085959">
    </testcase>
    <testcase classname="src/utils/__tests__/GenericIdentifierType.unit.ts"
              name="GenericIdentifierType &gt; isDarkMode &gt; returns false when darkMode setting is &quot;light&quot;"
              time="0.000083459">
    </testcase>
    <testcase classname="src/utils/__tests__/GenericIdentifierType.unit.ts"
              name="GenericIdentifierType &gt; isDarkMode &gt; returns true when darkMode setting is &quot;dark&quot;"
              time="0.000095917">
    </testcase>
    <testcase classname="src/utils/__tests__/GenericIdentifierType.unit.ts"
              name="GenericIdentifierType &gt; isDarkMode &gt; returns false by default when no darkMode setting exists"
              time="0.000105792">
    </testcase>
    <testcase classname="src/utils/__tests__/GenericIdentifierType.unit.ts"
              name="GenericIdentifierType &gt; isDarkMode &gt; returns false by default when settings are empty"
              time="0.000064292">
    </testcase>
    <testcase classname="src/utils/__tests__/GenericIdentifierType.unit.ts"
              name="GenericIdentifierType &gt; isDarkMode &gt; returns false when system preference is not dark"
              time="0.000161625">
    </testcase>
    <testcase classname="src/utils/__tests__/GenericIdentifierType.unit.ts"
              name="GenericIdentifierType &gt; isDarkMode &gt; updates when settings are changed via the setter"
              time="0.000080625">
    </testcase>
    <testcase classname="src/utils/__tests__/GenericIdentifierType.unit.ts"
              name="GenericIdentifierType &gt; items getter &gt; returns an empty array by default" time="0.000108917">
    </testcase>
    <testcase classname="src/utils/__tests__/GenericIdentifierType.unit.ts"
              name="GenericIdentifierType &gt; actions getter &gt; returns an empty array by default" time="0.00005975">
    </testcase>
    <testcase classname="src/utils/__tests__/GenericIdentifierType.unit.ts"
              name="GenericIdentifierType &gt; data getter &gt; returns undefined by default" time="0.0000645">
    </testcase>
    <testcase classname="src/utils/__tests__/GenericIdentifierType.unit.ts"
              name="GenericIdentifierType &gt; quickCheck() &gt; returns true by default for test renderer"
              time="0.0000615">
    </testcase>
    <testcase classname="src/utils/__tests__/GenericIdentifierType.unit.ts"
              name="GenericIdentifierType &gt; isResolvable() &gt; returns true by default" time="0.000051083">
    </testcase>
    <testcase classname="src/utils/__tests__/GenericIdentifierType.unit.ts"
              name="GenericIdentifierType &gt; renderBody() &gt; returns undefined by default" time="0.000072459">
    </testcase>
    <testcase classname="src/utils/__tests__/GenericIdentifierType.unit.ts"
              name="GenericIdentifierType &gt; abstract methods (TestRenderer stubs) &gt; hasMeaningfulInformation() resolves to true"
              time="0.000068125">
    </testcase>
    <testcase classname="src/utils/__tests__/GenericIdentifierType.unit.ts"
              name="GenericIdentifierType &gt; abstract methods (TestRenderer stubs) &gt; getSettingsKey() returns the stub key"
              time="0.000050958">
    </testcase>
    <testcase classname="src/utils/__tests__/GenericIdentifierType.unit.ts"
              name="GenericIdentifierType &gt; abstract methods (TestRenderer stubs) &gt; renderPreview() returns a FunctionalComponent from the stub"
              time="0.000063875">
    </testcase>
    <testcase classname="src/utils/__tests__/GenericIdentifierType.unit.ts"
              name="GenericIdentifierType &gt; abstract methods (TestRenderer stubs) &gt; init() completes without error"
              time="0.000433209">
    </testcase>
  </testsuite>
  <testsuite name="src/utils/__tests__/IndexedDBUtil.unit.ts" timestamp="2026-05-12T08:16:31.665Z"
             hostname="Ms-MacBook-Air.fritz.box" tests="15" failures="0" errors="0" skipped="0" time="0.021608917">
    <testcase classname="src/utils/__tests__/IndexedDBUtil.unit.ts"
              name="Database &gt; getEntity() &gt; returns cached entity when found in DB and TTL not expired"
              time="0.00695125">
      <system-out>
        Found entity for value in db {
        value: &apos;test-doi&apos;,
        rendererKey: &apos;DOIType&apos;,
        orderedRendererKeys: null,
        context: &apos;https://example.com&apos;,
        lastAccess: 2026-05-12T08:16:21.741Z,
        lastData: { some: &apos;data&apos; }
        } test-doi
        TTL not expired or undefined 3

      </system-out>
    </testcase>
    <testcase classname="src/utils/__tests__/IndexedDBUtil.unit.ts"
              name="Database &gt; getEntity() &gt; deletes and re-fetches when TTL expired" time="0.002007875">
      <system-out>
        Found entity for value in db {
        value: &apos;test-doi&apos;,
        rendererKey: &apos;DOIType&apos;,
        orderedRendererKeys: null,
        context: &apos;https://example.com&apos;,
        lastAccess: 2026-05-12T08:14:21.747Z,
        lastData: { some: &apos;data&apos; }
        } test-doi
        TTL expired! Deleting entry in db 60000 120001

        deleted entity test-doi

        No valid entity found for value in db test-doi

        added entity {
        value: &apos;test-doi&apos;,
        getSettingsKey: [Function: Mock] {
        _isMockFunction: true,
        getMockImplementation: [Function (anonymous)],
        mock: {
        calls: [Array],
        contexts: [Array],
        instances: [Array],
        invocationCallOrder: [Array],
        settledResults: [Array],
        results: [Array],
        lastCall: [Getter]
        },
        mockImplementation: [Function: mockImplementation],
        mockImplementationOnce: [Function: mockImplementationOnce],
        withImplementation: [Function: withImplementation],
        mockReturnThis: [Function: mockReturnThis],
        mockReturnValue: [Function: mockReturnValue],
        mockReturnValueOnce: [Function: mockReturnValueOnce],
        mockThrow: [Function: mockThrow],
        mockThrowOnce: [Function: mockThrowOnce],
        mockResolvedValue: [Function: mockResolvedValue],
        mockResolvedValueOnce: [Function: mockResolvedValueOnce],
        mockRejectedValue: [Function: mockRejectedValue],
        mockRejectedValueOnce: [Function: mockRejectedValueOnce],
        mockClear: [Function: mockClear],
        mockReset: [Function: mockReset],
        mockRestore: [Function: mockRestore],
        mockName: [Function: mockName],
        getMockName: [Function: getMockName],
        Symbol(Symbol.dispose): [Function (anonymous)]
        },
        init: [Function: Mock] {
        _isMockFunction: true,
        getMockImplementation: [Function (anonymous)],
        mock: {
        calls: [Array],
        contexts: [Array],
        instances: [Array],
        invocationCallOrder: [Array],
        settledResults: [Array],
        results: [Array],
        lastCall: [Getter]
        },
        mockImplementation: [Function: mockImplementation],
        mockImplementationOnce: [Function: mockImplementationOnce],
        withImplementation: [Function: withImplementation],
        mockReturnThis: [Function: mockReturnThis],
        mockReturnValue: [Function: mockReturnValue],
        mockReturnValueOnce: [Function: mockReturnValueOnce],
        mockThrow: [Function: mockThrow],
        mockThrowOnce: [Function: mockThrowOnce],
        mockResolvedValue: [Function: mockResolvedValue],
        mockResolvedValueOnce: [Function: mockResolvedValueOnce],
        mockRejectedValue: [Function: mockRejectedValue],
        mockRejectedValueOnce: [Function: mockRejectedValueOnce],
        mockClear: [Function: mockClear],
        mockReset: [Function: mockReset],
        mockRestore: [Function: mockRestore],
        mockName: [Function: mockName],
        getMockName: [Function: getMockName],
        Symbol(Symbol.dispose): [Function (anonymous)]
        },
        isResolvable: [Function: Mock] {
        _isMockFunction: true,
        getMockImplementation: [Function (anonymous)],
        mock: {
        calls: [Array],
        contexts: [Array],
        instances: [Array],
        invocationCallOrder: [Array],
        settledResults: [Array],
        results: [Array],
        lastCall: [Getter]
        },
        mockImplementation: [Function: mockImplementation],
        mockImplementationOnce: [Function: mockImplementationOnce],
        withImplementation: [Function: withImplementation],
        mockReturnThis: [Function: mockReturnThis],
        mockReturnValue: [Function: mockReturnValue],
        mockReturnValueOnce: [Function: mockReturnValueOnce],
        mockThrow: [Function: mockThrow],
        mockThrowOnce: [Function: mockThrowOnce],
        mockResolvedValue: [Function: mockResolvedValue],
        mockResolvedValueOnce: [Function: mockResolvedValueOnce],
        mockRejectedValue: [Function: mockRejectedValue],
        mockRejectedValueOnce: [Function: mockRejectedValueOnce],
        mockClear: [Function: mockClear],
        mockReset: [Function: mockReset],
        mockRestore: [Function: mockRestore],
        mockName: [Function: mockName],
        getMockName: [Function: getMockName],
        Symbol(Symbol.dispose): [Function (anonymous)]
        },
        settings: [
        { name: &apos;ttl&apos;, value: 60000 },
        { name: &apos;apiKey&apos;, value: &apos;test-key&apos; }
        ],
        items: [],
        data: { fresh: true }
        }

        added relations [ Promise { undefined } ]

        added entity to db test-doi {
        value: &apos;test-doi&apos;,
        getSettingsKey: [Function: Mock] {
        _isMockFunction: true,
        getMockImplementation: [Function (anonymous)],
        mock: {
        calls: [Array],
        contexts: [Array],
        instances: [Array],
        invocationCallOrder: [Array],
        settledResults: [Array],
        results: [Array],
        lastCall: [Getter]
        },
        mockImplementation: [Function: mockImplementation],
        mockImplementationOnce: [Function: mockImplementationOnce],
        withImplementation: [Function: withImplementation],
        mockReturnThis: [Function: mockReturnThis],
        mockReturnValue: [Function: mockReturnValue],
        mockReturnValueOnce: [Function: mockReturnValueOnce],
        mockThrow: [Function: mockThrow],
        mockThrowOnce: [Function: mockThrowOnce],
        mockResolvedValue: [Function: mockResolvedValue],
        mockResolvedValueOnce: [Function: mockResolvedValueOnce],
        mockRejectedValue: [Function: mockRejectedValue],
        mockRejectedValueOnce: [Function: mockRejectedValueOnce],
        mockClear: [Function: mockClear],
        mockReset: [Function: mockReset],
        mockRestore: [Function: mockRestore],
        mockName: [Function: mockName],
        getMockName: [Function: getMockName],
        Symbol(Symbol.dispose): [Function (anonymous)]
        },
        init: [Function: Mock] {
        _isMockFunction: true,
        getMockImplementation: [Function (anonymous)],
        mock: {
        calls: [Array],
        contexts: [Array],
        instances: [Array],
        invocationCallOrder: [Array],
        settledResults: [Array],
        results: [Array],
        lastCall: [Getter]
        },
        mockImplementation: [Function: mockImplementation],
        mockImplementationOnce: [Function: mockImplementationOnce],
        withImplementation: [Function: withImplementation],
        mockReturnThis: [Function: mockReturnThis],
        mockReturnValue: [Function: mockReturnValue],
        mockReturnValueOnce: [Function: mockReturnValueOnce],
        mockThrow: [Function: mockThrow],
        mockThrowOnce: [Function: mockThrowOnce],
        mockResolvedValue: [Function: mockResolvedValue],
        mockResolvedValueOnce: [Function: mockResolvedValueOnce],
        mockRejectedValue: [Function: mockRejectedValue],
        mockRejectedValueOnce: [Function: mockRejectedValueOnce],
        mockClear: [Function: mockClear],
        mockReset: [Function: mockReset],
        mockRestore: [Function: mockRestore],
        mockName: [Function: mockName],
        getMockName: [Function: getMockName],
        Symbol(Symbol.dispose): [Function (anonymous)]
        },
        isResolvable: [Function: Mock] {
        _isMockFunction: true,
        getMockImplementation: [Function (anonymous)],
        mock: {
        calls: [Array],
        contexts: [Array],
        instances: [Array],
        invocationCallOrder: [Array],
        settledResults: [Array],
        results: [Array],
        lastCall: [Getter]
        },
        mockImplementation: [Function: mockImplementation],
        mockImplementationOnce: [Function: mockImplementationOnce],
        withImplementation: [Function: withImplementation],
        mockReturnThis: [Function: mockReturnThis],
        mockReturnValue: [Function: mockReturnValue],
        mockReturnValueOnce: [Function: mockReturnValueOnce],
        mockThrow: [Function: mockThrow],
        mockThrowOnce: [Function: mockThrowOnce],
        mockResolvedValue: [Function: mockResolvedValue],
        mockResolvedValueOnce: [Function: mockResolvedValueOnce],
        mockRejectedValue: [Function: mockRejectedValue],
        mockRejectedValueOnce: [Function: mockRejectedValueOnce],
        mockClear: [Function: mockClear],
        mockReset: [Function: mockReset],
        mockRestore: [Function: mockRestore],
        mockName: [Function: mockName],
        getMockName: [Function: getMockName],
        Symbol(Symbol.dispose): [Function (anonymous)]
        },
        settings: [
        { name: &apos;ttl&apos;, value: 60000 },
        { name: &apos;apiKey&apos;, value: &apos;test-key&apos; }
        ],
        items: [],
        data: { fresh: true }
        }

      </system-out>
    </testcase>
    <testcase classname="src/utils/__tests__/IndexedDBUtil.unit.ts"
              name="Database &gt; getEntity() &gt; calls Parser.getBestFit() on cache miss" time="0.002277042">
      <system-out>
        No valid entity found for value in db new-doi

        added entity {
        value: &apos;new-doi&apos;,
        getSettingsKey: [Function: Mock] {
        _isMockFunction: true,
        getMockImplementation: [Function (anonymous)],
        mock: {
        calls: [Array],
        contexts: [Array],
        instances: [Array],
        invocationCallOrder: [Array],
        settledResults: [Array],
        results: [Array],
        lastCall: [Getter]
        },
        mockImplementation: [Function: mockImplementation],
        mockImplementationOnce: [Function: mockImplementationOnce],
        withImplementation: [Function: withImplementation],
        mockReturnThis: [Function: mockReturnThis],
        mockReturnValue: [Function: mockReturnValue],
        mockReturnValueOnce: [Function: mockReturnValueOnce],
        mockThrow: [Function: mockThrow],
        mockThrowOnce: [Function: mockThrowOnce],
        mockResolvedValue: [Function: mockResolvedValue],
        mockResolvedValueOnce: [Function: mockResolvedValueOnce],
        mockRejectedValue: [Function: mockRejectedValue],
        mockRejectedValueOnce: [Function: mockRejectedValueOnce],
        mockClear: [Function: mockClear],
        mockReset: [Function: mockReset],
        mockRestore: [Function: mockRestore],
        mockName: [Function: mockName],
        getMockName: [Function: getMockName],
        Symbol(Symbol.dispose): [Function (anonymous)]
        },
        init: [Function: Mock] {
        _isMockFunction: true,
        getMockImplementation: [Function (anonymous)],
        mock: {
        calls: [Array],
        contexts: [Array],
        instances: [Array],
        invocationCallOrder: [Array],
        settledResults: [Array],
        results: [Array],
        lastCall: [Getter]
        },
        mockImplementation: [Function: mockImplementation],
        mockImplementationOnce: [Function: mockImplementationOnce],
        withImplementation: [Function: withImplementation],
        mockReturnThis: [Function: mockReturnThis],
        mockReturnValue: [Function: mockReturnValue],
        mockReturnValueOnce: [Function: mockReturnValueOnce],
        mockThrow: [Function: mockThrow],
        mockThrowOnce: [Function: mockThrowOnce],
        mockResolvedValue: [Function: mockResolvedValue],
        mockResolvedValueOnce: [Function: mockResolvedValueOnce],
        mockRejectedValue: [Function: mockRejectedValue],
        mockRejectedValueOnce: [Function: mockRejectedValueOnce],
        mockClear: [Function: mockClear],
        mockReset: [Function: mockReset],
        mockRestore: [Function: mockRestore],
        mockName: [Function: mockName],
        getMockName: [Function: getMockName],
        Symbol(Symbol.dispose): [Function (anonymous)]
        },
        isResolvable: [Function: Mock] {
        _isMockFunction: true,
        getMockImplementation: [Function (anonymous)],
        mock: {
        calls: [Array],
        contexts: [Array],
        instances: [Array],
        invocationCallOrder: [Array],
        settledResults: [Array],
        results: [Array],
        lastCall: [Getter]
        },
        mockImplementation: [Function: mockImplementation],
        mockImplementationOnce: [Function: mockImplementationOnce],
        withImplementation: [Function: withImplementation],
        mockReturnThis: [Function: mockReturnThis],
        mockReturnValue: [Function: mockReturnValue],
        mockReturnValueOnce: [Function: mockReturnValueOnce],
        mockThrow: [Function: mockThrow],
        mockThrowOnce: [Function: mockThrowOnce],
        mockResolvedValue: [Function: mockResolvedValue],
        mockResolvedValueOnce: [Function: mockResolvedValueOnce],
        mockRejectedValue: [Function: mockRejectedValue],
        mockRejectedValueOnce: [Function: mockRejectedValueOnce],
        mockClear: [Function: mockClear],
        mockReset: [Function: mockReset],
        mockRestore: [Function: mockRestore],
        mockName: [Function: mockName],
        getMockName: [Function: getMockName],
        Symbol(Symbol.dispose): [Function (anonymous)]
        },
        settings: [
        { name: &apos;ttl&apos;, value: 60000 },
        { name: &apos;apiKey&apos;, value: &apos;test-key&apos; }
        ],
        items: [],
        data: {}
        }

        added relations [ Promise { undefined } ]

        added entity to db new-doi {
        value: &apos;new-doi&apos;,
        getSettingsKey: [Function: Mock] {
        _isMockFunction: true,
        getMockImplementation: [Function (anonymous)],
        mock: {
        calls: [Array],
        contexts: [Array],
        instances: [Array],
        invocationCallOrder: [Array],
        settledResults: [Array],
        results: [Array],
        lastCall: [Getter]
        },
        mockImplementation: [Function: mockImplementation],
        mockImplementationOnce: [Function: mockImplementationOnce],
        withImplementation: [Function: withImplementation],
        mockReturnThis: [Function: mockReturnThis],
        mockReturnValue: [Function: mockReturnValue],
        mockReturnValueOnce: [Function: mockReturnValueOnce],
        mockThrow: [Function: mockThrow],
        mockThrowOnce: [Function: mockThrowOnce],
        mockResolvedValue: [Function: mockResolvedValue],
        mockResolvedValueOnce: [Function: mockResolvedValueOnce],
        mockRejectedValue: [Function: mockRejectedValue],
        mockRejectedValueOnce: [Function: mockRejectedValueOnce],
        mockClear: [Function: mockClear],
        mockReset: [Function: mockReset],
        mockRestore: [Function: mockRestore],
        mockName: [Function: mockName],
        getMockName: [Function: getMockName],
        Symbol(Symbol.dispose): [Function (anonymous)]
        },
        init: [Function: Mock] {
        _isMockFunction: true,
        getMockImplementation: [Function (anonymous)],
        mock: {
        calls: [Array],
        contexts: [Array],
        instances: [Array],
        invocationCallOrder: [Array],
        settledResults: [Array],
        results: [Array],
        lastCall: [Getter]
        },
        mockImplementation: [Function: mockImplementation],
        mockImplementationOnce: [Function: mockImplementationOnce],
        withImplementation: [Function: withImplementation],
        mockReturnThis: [Function: mockReturnThis],
        mockReturnValue: [Function: mockReturnValue],
        mockReturnValueOnce: [Function: mockReturnValueOnce],
        mockThrow: [Function: mockThrow],
        mockThrowOnce: [Function: mockThrowOnce],
        mockResolvedValue: [Function: mockResolvedValue],
        mockResolvedValueOnce: [Function: mockResolvedValueOnce],
        mockRejectedValue: [Function: mockRejectedValue],
        mockRejectedValueOnce: [Function: mockRejectedValueOnce],
        mockClear: [Function: mockClear],
        mockReset: [Function: mockReset],
        mockRestore: [Function: mockRestore],
        mockName: [Function: mockName],
        getMockName: [Function: getMockName],
        Symbol(Symbol.dispose): [Function (anonymous)]
        },
        isResolvable: [Function: Mock] {
        _isMockFunction: true,
        getMockImplementation: [Function (anonymous)],
        mock: {
        calls: [Array],
        contexts: [Array],
        instances: [Array],
        invocationCallOrder: [Array],
        settledResults: [Array],
        results: [Array],
        lastCall: [Getter]
        },
        mockImplementation: [Function: mockImplementation],
        mockImplementationOnce: [Function: mockImplementationOnce],
        withImplementation: [Function: withImplementation],
        mockReturnThis: [Function: mockReturnThis],
        mockReturnValue: [Function: mockReturnValue],
        mockReturnValueOnce: [Function: mockReturnValueOnce],
        mockThrow: [Function: mockThrow],
        mockThrowOnce: [Function: mockThrowOnce],
        mockResolvedValue: [Function: mockResolvedValue],
        mockResolvedValueOnce: [Function: mockResolvedValueOnce],
        mockRejectedValue: [Function: mockRejectedValue],
        mockRejectedValueOnce: [Function: mockRejectedValueOnce],
        mockClear: [Function: mockClear],
        mockReset: [Function: mockReset],
        mockRestore: [Function: mockRestore],
        mockName: [Function: mockName],
        getMockName: [Function: getMockName],
        Symbol(Symbol.dispose): [Function (anonymous)]
        },
        settings: [
        { name: &apos;ttl&apos;, value: 60000 },
        { name: &apos;apiKey&apos;, value: &apos;test-key&apos; }
        ],
        items: [],
        data: {}
        }

      </system-out>
    </testcase>
    <testcase classname="src/utils/__tests__/IndexedDBUtil.unit.ts"
              name="Database &gt; getEntity() &gt; only stores entity when isResolvable() returns true"
              time="0.00068525">
      <system-out>
        No valid entity found for value in db doi-resolvable

        added entity {
        value: &apos;doi-resolvable&apos;,
        getSettingsKey: [Function: Mock] {
        _isMockFunction: true,
        getMockImplementation: [Function (anonymous)],
        mock: {
        calls: [Array],
        contexts: [Array],
        instances: [Array],
        invocationCallOrder: [Array],
        settledResults: [Array],
        results: [Array],
        lastCall: [Getter]
        },
        mockImplementation: [Function: mockImplementation],
        mockImplementationOnce: [Function: mockImplementationOnce],
        withImplementation: [Function: withImplementation],
        mockReturnThis: [Function: mockReturnThis],
        mockReturnValue: [Function: mockReturnValue],
        mockReturnValueOnce: [Function: mockReturnValueOnce],
        mockThrow: [Function: mockThrow],
        mockThrowOnce: [Function: mockThrowOnce],
        mockResolvedValue: [Function: mockResolvedValue],
        mockResolvedValueOnce: [Function: mockResolvedValueOnce],
        mockRejectedValue: [Function: mockRejectedValue],
        mockRejectedValueOnce: [Function: mockRejectedValueOnce],
        mockClear: [Function: mockClear],
        mockReset: [Function: mockReset],
        mockRestore: [Function: mockRestore],
        mockName: [Function: mockName],
        getMockName: [Function: getMockName],
        Symbol(Symbol.dispose): [Function (anonymous)]
        },
        init: [Function: Mock] {
        _isMockFunction: true,
        getMockImplementation: [Function (anonymous)],
        mock: {
        calls: [Array],
        contexts: [Array],
        instances: [Array],
        invocationCallOrder: [Array],
        settledResults: [Array],
        results: [Array],
        lastCall: [Getter]
        },
        mockImplementation: [Function: mockImplementation],
        mockImplementationOnce: [Function: mockImplementationOnce],
        withImplementation: [Function: withImplementation],
        mockReturnThis: [Function: mockReturnThis],
        mockReturnValue: [Function: mockReturnValue],
        mockReturnValueOnce: [Function: mockReturnValueOnce],
        mockThrow: [Function: mockThrow],
        mockThrowOnce: [Function: mockThrowOnce],
        mockResolvedValue: [Function: mockResolvedValue],
        mockResolvedValueOnce: [Function: mockResolvedValueOnce],
        mockRejectedValue: [Function: mockRejectedValue],
        mockRejectedValueOnce: [Function: mockRejectedValueOnce],
        mockClear: [Function: mockClear],
        mockReset: [Function: mockReset],
        mockRestore: [Function: mockRestore],
        mockName: [Function: mockName],
        getMockName: [Function: getMockName],
        Symbol(Symbol.dispose): [Function (anonymous)]
        },
        isResolvable: [Function: Mock] {
        _isMockFunction: true,
        getMockImplementation: [Function (anonymous)],
        mock: {
        calls: [Array],
        contexts: [Array],
        instances: [Array],
        invocationCallOrder: [Array],
        settledResults: [Array],
        results: [Array],
        lastCall: [Getter]
        },
        mockImplementation: [Function: mockImplementation],
        mockImplementationOnce: [Function: mockImplementationOnce],
        withImplementation: [Function: withImplementation],
        mockReturnThis: [Function: mockReturnThis],
        mockReturnValue: [Function: mockReturnValue],
        mockReturnValueOnce: [Function: mockReturnValueOnce],
        mockThrow: [Function: mockThrow],
        mockThrowOnce: [Function: mockThrowOnce],
        mockResolvedValue: [Function: mockResolvedValue],
        mockResolvedValueOnce: [Function: mockResolvedValueOnce],
        mockRejectedValue: [Function: mockRejectedValue],
        mockRejectedValueOnce: [Function: mockRejectedValueOnce],
        mockClear: [Function: mockClear],
        mockReset: [Function: mockReset],
        mockRestore: [Function: mockRestore],
        mockName: [Function: mockName],
        getMockName: [Function: getMockName],
        Symbol(Symbol.dispose): [Function (anonymous)]
        },
        settings: [ { name: &apos;apiKey&apos;, value: &apos;test-key&apos; } ],
        items: [],
        data: {}
        }

        added relations [ Promise { undefined } ]

        added entity to db doi-resolvable {
        value: &apos;doi-resolvable&apos;,
        getSettingsKey: [Function: Mock] {
        _isMockFunction: true,
        getMockImplementation: [Function (anonymous)],
        mock: {
        calls: [Array],
        contexts: [Array],
        instances: [Array],
        invocationCallOrder: [Array],
        settledResults: [Array],
        results: [Array],
        lastCall: [Getter]
        },
        mockImplementation: [Function: mockImplementation],
        mockImplementationOnce: [Function: mockImplementationOnce],
        withImplementation: [Function: withImplementation],
        mockReturnThis: [Function: mockReturnThis],
        mockReturnValue: [Function: mockReturnValue],
        mockReturnValueOnce: [Function: mockReturnValueOnce],
        mockThrow: [Function: mockThrow],
        mockThrowOnce: [Function: mockThrowOnce],
        mockResolvedValue: [Function: mockResolvedValue],
        mockResolvedValueOnce: [Function: mockResolvedValueOnce],
        mockRejectedValue: [Function: mockRejectedValue],
        mockRejectedValueOnce: [Function: mockRejectedValueOnce],
        mockClear: [Function: mockClear],
        mockReset: [Function: mockReset],
        mockRestore: [Function: mockRestore],
        mockName: [Function: mockName],
        getMockName: [Function: getMockName],
        Symbol(Symbol.dispose): [Function (anonymous)]
        },
        init: [Function: Mock] {
        _isMockFunction: true,
        getMockImplementation: [Function (anonymous)],
        mock: {
        calls: [Array],
        contexts: [Array],
        instances: [Array],
        invocationCallOrder: [Array],
        settledResults: [Array],
        results: [Array],
        lastCall: [Getter]
        },
        mockImplementation: [Function: mockImplementation],
        mockImplementationOnce: [Function: mockImplementationOnce],
        withImplementation: [Function: withImplementation],
        mockReturnThis: [Function: mockReturnThis],
        mockReturnValue: [Function: mockReturnValue],
        mockReturnValueOnce: [Function: mockReturnValueOnce],
        mockThrow: [Function: mockThrow],
        mockThrowOnce: [Function: mockThrowOnce],
        mockResolvedValue: [Function: mockResolvedValue],
        mockResolvedValueOnce: [Function: mockResolvedValueOnce],
        mockRejectedValue: [Function: mockRejectedValue],
        mockRejectedValueOnce: [Function: mockRejectedValueOnce],
        mockClear: [Function: mockClear],
        mockReset: [Function: mockReset],
        mockRestore: [Function: mockRestore],
        mockName: [Function: mockName],
        getMockName: [Function: getMockName],
        Symbol(Symbol.dispose): [Function (anonymous)]
        },
        isResolvable: [Function: Mock] {
        _isMockFunction: true,
        getMockImplementation: [Function (anonymous)],
        mock: {
        calls: [Array],
        contexts: [Array],
        instances: [Array],
        invocationCallOrder: [Array],
        settledResults: [Array],
        results: [Array],
        lastCall: [Getter]
        },
        mockImplementation: [Function: mockImplementation],
        mockImplementationOnce: [Function: mockImplementationOnce],
        withImplementation: [Function: withImplementation],
        mockReturnThis: [Function: mockReturnThis],
        mockReturnValue: [Function: mockReturnValue],
        mockReturnValueOnce: [Function: mockReturnValueOnce],
        mockThrow: [Function: mockThrow],
        mockThrowOnce: [Function: mockThrowOnce],
        mockResolvedValue: [Function: mockResolvedValue],
        mockResolvedValueOnce: [Function: mockResolvedValueOnce],
        mockRejectedValue: [Function: mockRejectedValue],
        mockRejectedValueOnce: [Function: mockRejectedValueOnce],
        mockClear: [Function: mockClear],
        mockReset: [Function: mockReset],
        mockRestore: [Function: mockRestore],
        mockName: [Function: mockName],
        getMockName: [Function: getMockName],
        Symbol(Symbol.dispose): [Function (anonymous)]
        },
        settings: [ { name: &apos;apiKey&apos;, value: &apos;test-key&apos; } ],
        items: [],
        data: {}
        }

      </system-out>
    </testcase>
    <testcase classname="src/utils/__tests__/IndexedDBUtil.unit.ts"
              name="Database &gt; getEntity() &gt; does NOT store when isResolvable() returns false" time="0.000272375">
      <system-out>
        No valid entity found for value in db doi-unresolvable

        renderer not resolvable, skipping IndexedDB cache doi-unresolvable DOIType

      </system-out>
    </testcase>
    <testcase classname="src/utils/__tests__/IndexedDBUtil.unit.ts"
              name="Database &gt; getEntity() &gt; returns null when Parser returns null" time="0.000178542">
      <system-out>
        No valid entity found for value in db unknown

        No renderer matched for value unknown

      </system-out>
    </testcase>
    <testcase classname="src/utils/__tests__/IndexedDBUtil.unit.ts"
              name="Database &gt; getEntity() &gt; with orderedRendererKeys invalidates cache for wrong renderer"
              time="0.003928334">
      <system-out>
        Ordered renderer keys changed or cached renderer not in ordered list, re-detecting {
        cached: null,
        current: [ &apos;ORCIDType&apos; ],
        cachedRendererKey: &apos;DOIType&apos;,
        currentAllowedKeys: [ &apos;ORCIDType&apos; ]
        }

        deleted entity test-doi

        No valid entity found for value in db test-doi

        added entity {
        value: &apos;test-doi&apos;,
        getSettingsKey: [Function: Mock] {
        _isMockFunction: true,
        getMockImplementation: [Function (anonymous)],
        mock: {
        calls: [Array],
        contexts: [Array],
        instances: [Array],
        invocationCallOrder: [Array],
        settledResults: [Array],
        results: [Array],
        lastCall: [Getter]
        },
        mockImplementation: [Function: mockImplementation],
        mockImplementationOnce: [Function: mockImplementationOnce],
        withImplementation: [Function: withImplementation],
        mockReturnThis: [Function: mockReturnThis],
        mockReturnValue: [Function: mockReturnValue],
        mockReturnValueOnce: [Function: mockReturnValueOnce],
        mockThrow: [Function: mockThrow],
        mockThrowOnce: [Function: mockThrowOnce],
        mockResolvedValue: [Function: mockResolvedValue],
        mockResolvedValueOnce: [Function: mockResolvedValueOnce],
        mockRejectedValue: [Function: mockRejectedValue],
        mockRejectedValueOnce: [Function: mockRejectedValueOnce],
        mockClear: [Function: mockClear],
        mockReset: [Function: mockReset],
        mockRestore: [Function: mockRestore],
        mockName: [Function: mockName],
        getMockName: [Function: getMockName],
        Symbol(Symbol.dispose): [Function (anonymous)]
        },
        init: [Function: Mock] {
        _isMockFunction: true,
        getMockImplementation: [Function (anonymous)],
        mock: {
        calls: [Array],
        contexts: [Array],
        instances: [Array],
        invocationCallOrder: [Array],
        settledResults: [Array],
        results: [Array],
        lastCall: [Getter]
        },
        mockImplementation: [Function: mockImplementation],
        mockImplementationOnce: [Function: mockImplementationOnce],
        withImplementation: [Function: withImplementation],
        mockReturnThis: [Function: mockReturnThis],
        mockReturnValue: [Function: mockReturnValue],
        mockReturnValueOnce: [Function: mockReturnValueOnce],
        mockThrow: [Function: mockThrow],
        mockThrowOnce: [Function: mockThrowOnce],
        mockResolvedValue: [Function: mockResolvedValue],
        mockResolvedValueOnce: [Function: mockResolvedValueOnce],
        mockRejectedValue: [Function: mockRejectedValue],
        mockRejectedValueOnce: [Function: mockRejectedValueOnce],
        mockClear: [Function: mockClear],
        mockReset: [Function: mockReset],
        mockRestore: [Function: mockRestore],
        mockName: [Function: mockName],
        getMockName: [Function: getMockName],
        Symbol(Symbol.dispose): [Function (anonymous)]
        },
        isResolvable: [Function: Mock] {
        _isMockFunction: true,
        getMockImplementation: [Function (anonymous)],
        mock: {
        calls: [Array],
        contexts: [Array],
        instances: [Array],
        invocationCallOrder: [Array],
        settledResults: [Array],
        results: [Array],
        lastCall: [Getter]
        },
        mockImplementation: [Function: mockImplementation],
        mockImplementationOnce: [Function: mockImplementationOnce],
        withImplementation: [Function: withImplementation],
        mockReturnThis: [Function: mockReturnThis],
        mockReturnValue: [Function: mockReturnValue],
        mockReturnValueOnce: [Function: mockReturnValueOnce],
        mockThrow: [Function: mockThrow],
        mockThrowOnce: [Function: mockThrowOnce],
        mockResolvedValue: [Function: mockResolvedValue],
        mockResolvedValueOnce: [Function: mockResolvedValueOnce],
        mockRejectedValue: [Function: mockRejectedValue],
        mockRejectedValueOnce: [Function: mockRejectedValueOnce],
        mockClear: [Function: mockClear],
        mockReset: [Function: mockReset],
        mockRestore: [Function: mockRestore],
        mockName: [Function: mockName],
        getMockName: [Function: getMockName],
        Symbol(Symbol.dispose): [Function (anonymous)]
        },
        settings: undefined,
        items: [],
        data: {}
        }

        added relations [ Promise { undefined } ]

        added entity to db test-doi {
        value: &apos;test-doi&apos;,
        getSettingsKey: [Function: Mock] {
        _isMockFunction: true,
        getMockImplementation: [Function (anonymous)],
        mock: {
        calls: [Array],
        contexts: [Array],
        instances: [Array],
        invocationCallOrder: [Array],
        settledResults: [Array],
        results: [Array],
        lastCall: [Getter]
        },
        mockImplementation: [Function: mockImplementation],
        mockImplementationOnce: [Function: mockImplementationOnce],
        withImplementation: [Function: withImplementation],
        mockReturnThis: [Function: mockReturnThis],
        mockReturnValue: [Function: mockReturnValue],
        mockReturnValueOnce: [Function: mockReturnValueOnce],
        mockThrow: [Function: mockThrow],
        mockThrowOnce: [Function: mockThrowOnce],
        mockResolvedValue: [Function: mockResolvedValue],
        mockResolvedValueOnce: [Function: mockResolvedValueOnce],
        mockRejectedValue: [Function: mockRejectedValue],
        mockRejectedValueOnce: [Function: mockRejectedValueOnce],
        mockClear: [Function: mockClear],
        mockReset: [Function: mockReset],
        mockRestore: [Function: mockRestore],
        mockName: [Function: mockName],
        getMockName: [Function: getMockName],
        Symbol(Symbol.dispose): [Function (anonymous)]
        },
        init: [Function: Mock] {
        _isMockFunction: true,
        getMockImplementation: [Function (anonymous)],
        mock: {
        calls: [Array],
        contexts: [Array],
        instances: [Array],
        invocationCallOrder: [Array],
        settledResults: [Array],
        results: [Array],
        lastCall: [Getter]
        },
        mockImplementation: [Function: mockImplementation],
        mockImplementationOnce: [Function: mockImplementationOnce],
        withImplementation: [Function: withImplementation],
        mockReturnThis: [Function: mockReturnThis],
        mockReturnValue: [Function: mockReturnValue],
        mockReturnValueOnce: [Function: mockReturnValueOnce],
        mockThrow: [Function: mockThrow],
        mockThrowOnce: [Function: mockThrowOnce],
        mockResolvedValue: [Function: mockResolvedValue],
        mockResolvedValueOnce: [Function: mockResolvedValueOnce],
        mockRejectedValue: [Function: mockRejectedValue],
        mockRejectedValueOnce: [Function: mockRejectedValueOnce],
        mockClear: [Function: mockClear],
        mockReset: [Function: mockReset],
        mockRestore: [Function: mockRestore],
        mockName: [Function: mockName],
        getMockName: [Function: getMockName],
        Symbol(Symbol.dispose): [Function (anonymous)]
        },
        isResolvable: [Function: Mock] {
        _isMockFunction: true,
        getMockImplementation: [Function (anonymous)],
        mock: {
[...]
        Found entity for value in db {
        &quot;context&quot;: &quot;http://localhost:63315/?sessionId=5f67e300-fa65-441e-88d7-9de527ad4417&amp;iframeId=/Users/maximilian/GitHub/pid-component/packages/stencil-library/src/components/pid-component/__tests__/pid-component.test.tsx&quot;,
        &quot;lastAccess&quot;: 2026-05-12T08:16:20.328Z,
        &quot;lastData&quot;: undefined,
        &quot;orderedRendererKeys&quot;: null,
        &quot;rendererKey&quot;: &quot;FallbackType&quot;,
        &quot;value&quot;: &quot;test-value&quot;,
        } test-value
        TTL not expired or undefined 851
      </system-out>
    </testcase>
    <testcase classname="src/components/pid-component/__tests__/pid-component.test.tsx"
              name="pid-component e2e &gt; has aria-describedby for accessibility" time="1.083">
      <system-out>
        Found entity for value in db {
        &quot;context&quot;: &quot;http://localhost:63315/?sessionId=5f67e300-fa65-441e-88d7-9de527ad4417&amp;iframeId=/Users/maximilian/GitHub/pid-component/packages/stencil-library/src/components/pid-component/__tests__/pid-component.test.tsx&quot;,
        &quot;lastAccess&quot;: 2026-05-12T08:16:20.328Z,
        &quot;lastData&quot;: undefined,
        &quot;orderedRendererKeys&quot;: null,
        &quot;rendererKey&quot;: &quot;FallbackType&quot;,
        &quot;value&quot;: &quot;test-value&quot;,
        } test-value
        TTL not expired or undefined 1931
      </system-out>
    </testcase>
    <testcase classname="src/components/pid-component/__tests__/pid-component.test.tsx"
              name="pid-component e2e &gt; renderers attribute is accepted" time="0.034">
      <system-out>
        No valid entity found for value in db 10.5281/zenodo.1234567
        {
        &quot;handle&quot;: &quot;10.5281/zenodo.1234567&quot;,
        &quot;responseCode&quot;: 100,
        }
      </system-out>
      <system-err>
        Parser: Unknown renderer key &quot;DOIType&quot; in ordered renderer list, skipping.
        Failed to get entity from db [TypeError: undefined is not an object (evaluating &apos;rawJson.values.map&apos;)]
      </system-err>
    </testcase>
    <testcase classname="src/components/pid-component/__tests__/pid-component.test.tsx"
              name="pid-component e2e &gt; fallback-to-all attribute defaults correctly" time="0.05">
      <system-out>
        No valid entity found for value in db test
        added entity FallbackType {
        &quot;_actions&quot;: [],
        &quot;_isDarkMode&quot;: false,
        &quot;_items&quot;: [],
        &quot;_settings&quot;: undefined,
        &quot;_value&quot;: &quot;test&quot;,
        }
        added relations [
        Promise {},
        ]
        added entity to db test FallbackType {
        &quot;_actions&quot;: [],
        &quot;_isDarkMode&quot;: false,
        &quot;_items&quot;: [],
        &quot;_settings&quot;: undefined,
        &quot;_value&quot;: &quot;test&quot;,
        }
      </system-out>
    </testcase>
    <testcase classname="src/components/pid-component/__tests__/pid-component.test.tsx"
              name="pid-component e2e &gt; fallback-to-all can be set to false" time="0.033">
      <system-out>
        Found entity for value in db {
        &quot;context&quot;: &quot;http://localhost:63315/?sessionId=5f67e300-fa65-441e-88d7-9de527ad4417&amp;iframeId=/Users/maximilian/GitHub/pid-component/packages/stencil-library/src/components/pid-component/__tests__/pid-component.test.tsx&quot;,
        &quot;lastAccess&quot;: 2026-05-12T08:16:23.410Z,
        &quot;lastData&quot;: undefined,
        &quot;orderedRendererKeys&quot;: null,
        &quot;rendererKey&quot;: &quot;FallbackType&quot;,
        &quot;value&quot;: &quot;test&quot;,
        } test
        TTL not expired or undefined 14
      </system-out>
    </testcase>
    <testcase classname="src/components/pid-component/__tests__/pid-component.test.tsx"
              name="pid-component e2e &gt; dark-mode attribute applies" time="0.033">
      <system-out>
        Found entity for value in db {
        &quot;context&quot;: &quot;http://localhost:63315/?sessionId=5f67e300-fa65-441e-88d7-9de527ad4417&amp;iframeId=/Users/maximilian/GitHub/pid-component/packages/stencil-library/src/components/pid-component/__tests__/pid-component.test.tsx&quot;,
        &quot;lastAccess&quot;: 2026-05-12T08:16:23.410Z,
        &quot;lastData&quot;: undefined,
        &quot;orderedRendererKeys&quot;: null,
        &quot;rendererKey&quot;: &quot;FallbackType&quot;,
        &quot;value&quot;: &quot;test&quot;,
        } test
        TTL not expired or undefined 48
      </system-out>
    </testcase>
    <testcase classname="src/components/pid-component/__tests__/pid-component.test.tsx"
              name="pid-component e2e &gt; emphasize-component attribute applies" time="0.034">
      <system-out>
        Found entity for value in db {
        &quot;context&quot;: &quot;http://localhost:63315/?sessionId=5f67e300-fa65-441e-88d7-9de527ad4417&amp;iframeId=/Users/maximilian/GitHub/pid-component/packages/stencil-library/src/components/pid-component/__tests__/pid-component.test.tsx&quot;,
        &quot;lastAccess&quot;: 2026-05-12T08:16:23.410Z,
        &quot;lastData&quot;: undefined,
        &quot;orderedRendererKeys&quot;: null,
        &quot;rendererKey&quot;: &quot;FallbackType&quot;,
        &quot;value&quot;: &quot;test&quot;,
        } test
        TTL not expired or undefined 81
        CrossRef works error: 404
      </system-out>
    </testcase>
    <testcase classname="src/components/pid-component/__tests__/pid-component.test.tsx"
              name="pid-component e2e &gt; sets expanded attribute when opened via open-by-default" time="1.083">
      <system-out>
        Found entity for value in db {
        &quot;context&quot;: &quot;http://localhost:63315/?sessionId=5f67e300-fa65-441e-88d7-9de527ad4417&amp;iframeId=/Users/maximilian/GitHub/pid-component/packages/stencil-library/src/components/pid-component/__tests__/pid-component.test.tsx&quot;,
        &quot;lastAccess&quot;: 2026-05-12T08:16:23.410Z,
        &quot;lastData&quot;: undefined,
        &quot;orderedRendererKeys&quot;: null,
        &quot;rendererKey&quot;: &quot;FallbackType&quot;,
        &quot;value&quot;: &quot;test&quot;,
        } test
        TTL not expired or undefined 114
        CrossRef funders error: 404
      </system-out>
    </testcase>
    <testcase classname="src/components/pid-component/__tests__/pid-component.test.tsx"
              name="pid-component e2e &gt; renders loading state initially" time="0.033">
      <system-out>
        Found entity for value in db {
        &quot;context&quot;: &quot;http://localhost:63315/?sessionId=5f67e300-fa65-441e-88d7-9de527ad4417&amp;iframeId=/Users/maximilian/GitHub/pid-component/packages/stencil-library/src/components/pid-component/__tests__/pid-component.test.tsx&quot;,
        &quot;lastAccess&quot;: 2026-05-12T08:16:20.328Z,
        &quot;lastData&quot;: undefined,
        &quot;orderedRendererKeys&quot;: null,
        &quot;rendererKey&quot;: &quot;FallbackType&quot;,
        &quot;value&quot;: &quot;test-value&quot;,
        } test-value
        TTL not expired or undefined 4280
      </system-out>
    </testcase>
    <testcase classname="src/components/pid-component/__tests__/pid-component.test.tsx"
              name="pid-component e2e &gt; width and height props are accepted" time="0.033">
      <system-out>
        Found entity for value in db {
        &quot;context&quot;: &quot;http://localhost:63315/?sessionId=5f67e300-fa65-441e-88d7-9de527ad4417&amp;iframeId=/Users/maximilian/GitHub/pid-component/packages/stencil-library/src/components/pid-component/__tests__/pid-component.test.tsx&quot;,
        &quot;lastAccess&quot;: 2026-05-12T08:16:23.410Z,
        &quot;lastData&quot;: undefined,
        &quot;orderedRendererKeys&quot;: null,
        &quot;rendererKey&quot;: &quot;FallbackType&quot;,
        &quot;value&quot;: &quot;test&quot;,
        } test
        TTL not expired or undefined 1231
      </system-out>
    </testcase>
    <testcase classname="src/components/pid-component/__tests__/pid-component.test.tsx"
              name="pid-component CSS classes &gt; host element has relative and font-sans classes" time="0.033">
      <system-out>
        Found entity for value in db {
        &quot;context&quot;: &quot;http://localhost:63315/?sessionId=5f67e300-fa65-441e-88d7-9de527ad4417&amp;iframeId=/Users/maximilian/GitHub/pid-component/packages/stencil-library/src/components/pid-component/__tests__/pid-component.test.tsx&quot;,
        &quot;lastAccess&quot;: 2026-05-12T08:16:20.328Z,
        &quot;lastData&quot;: undefined,
        &quot;orderedRendererKeys&quot;: null,
        &quot;rendererKey&quot;: &quot;FallbackType&quot;,
        &quot;value&quot;: &quot;test-value&quot;,
        } test-value
        TTL not expired or undefined 4347
      </system-out>
    </testcase>
    <testcase classname="src/components/pid-component/__tests__/pid-component.test.tsx"
              name="pid-component CSS classes &gt; has expanded attribute when openByDefault is true" time="0.567">
      <system-out>
        No valid entity found for value in db 10.5281/zenodo.1234567
        {
        &quot;handle&quot;: &quot;10.5281/zenodo.1234567&quot;,
        &quot;responseCode&quot;: 100,
        }
        CrossRef works error: 404
        CrossRef funders error: 404
      </system-out>
      <system-err>
        Failed to get entity from db [TypeError: undefined is not an object (evaluating &apos;rawJson.values.map&apos;)]
      </system-err>
    </testcase>
    <testcase classname="src/components/pid-component/__tests__/pid-component.test.tsx"
              name="pid-component CSS classes &gt; does not have expanded attribute when openByDefault is false"
              time="0.567">
      <system-out>
        Found entity for value in db {
        &quot;context&quot;: &quot;http://localhost:63315/?sessionId=5f67e300-fa65-441e-88d7-9de527ad4417&amp;iframeId=/Users/maximilian/GitHub/pid-component/packages/stencil-library/src/components/pid-component/__tests__/pid-component.test.tsx&quot;,
        &quot;lastAccess&quot;: 2026-05-12T08:16:20.328Z,
        &quot;lastData&quot;: undefined,
        &quot;orderedRendererKeys&quot;: null,
        &quot;rendererKey&quot;: &quot;FallbackType&quot;,
        &quot;value&quot;: &quot;test-value&quot;,
        } test-value
        TTL not expired or undefined 4948
      </system-out>
    </testcase>
    <testcase classname="src/components/pid-component/__tests__/pid-component.test.tsx"
              name="pid-component CSS classes &gt; has hydrated class when component is rendered" time="0.033">
      <system-out>
        Found entity for value in db {
        &quot;context&quot;: &quot;http://localhost:63315/?sessionId=5f67e300-fa65-441e-88d7-9de527ad4417&amp;iframeId=/Users/maximilian/GitHub/pid-component/packages/stencil-library/src/components/pid-component/__tests__/pid-component.test.tsx&quot;,
        &quot;lastAccess&quot;: 2026-05-12T08:16:20.328Z,
        &quot;lastData&quot;: undefined,
        &quot;orderedRendererKeys&quot;: null,
        &quot;rendererKey&quot;: &quot;FallbackType&quot;,
        &quot;value&quot;: &quot;test-value&quot;,
        } test-value
        TTL not expired or undefined 5516
      </system-out>
    </testcase>
    <testcase classname="src/components/pid-component/__tests__/pid-component.test.tsx"
              name="pid-component CSS classes &gt; dark mode host has correct classes" time="0.534">
      <system-out>
        Found entity for value in db {
        &quot;context&quot;: &quot;http://localhost:63315/?sessionId=5f67e300-fa65-441e-88d7-9de527ad4417&amp;iframeId=/Users/maximilian/GitHub/pid-component/packages/stencil-library/src/components/pid-component/__tests__/pid-component.test.tsx&quot;,
        &quot;lastAccess&quot;: 2026-05-12T08:16:20.328Z,
        &quot;lastData&quot;: undefined,
        &quot;orderedRendererKeys&quot;: null,
        &quot;rendererKey&quot;: &quot;FallbackType&quot;,
        &quot;value&quot;: &quot;test-value&quot;,
        } test-value
        TTL not expired or undefined 5547
      </system-out>
    </testcase>
    <testcase classname="src/components/pid-component/__tests__/pid-component.test.tsx"
              name="pid-component CSS classes &gt; light mode host has correct classes" time="0.534">
      <system-out>
        Found entity for value in db {
        &quot;context&quot;: &quot;http://localhost:63315/?sessionId=5f67e300-fa65-441e-88d7-9de527ad4417&amp;iframeId=/Users/maximilian/GitHub/pid-component/packages/stencil-library/src/components/pid-component/__tests__/pid-component.test.tsx&quot;,
        &quot;lastAccess&quot;: 2026-05-12T08:16:20.328Z,
        &quot;lastData&quot;: undefined,
        &quot;orderedRendererKeys&quot;: null,
        &quot;rendererKey&quot;: &quot;FallbackType&quot;,
        &quot;value&quot;: &quot;test-value&quot;,
        } test-value
        TTL not expired or undefined 6082
      </system-out>
    </testcase>
    <testcase classname="src/components/pid-component/__tests__/pid-component.test.tsx"
              name="pid-component CSS classes &gt; emphasized component shows border and shadow classes in preview"
              time="0.583">
      <system-out>
        Found entity for value in db {
        &quot;context&quot;: &quot;http://localhost:63315/?sessionId=5f67e300-fa65-441e-88d7-9de527ad4417&amp;iframeId=/Users/maximilian/GitHub/pid-component/packages/stencil-library/src/components/pid-component/__tests__/pid-component.test.tsx&quot;,
        &quot;lastAccess&quot;: 2026-05-12T08:16:20.328Z,
        &quot;lastData&quot;: undefined,
        &quot;orderedRendererKeys&quot;: null,
        &quot;rendererKey&quot;: &quot;FallbackType&quot;,
        &quot;value&quot;: &quot;test-value&quot;,
        } test-value
        TTL not expired or undefined 6616
      </system-out>
    </testcase>
    <testcase classname="src/components/pid-component/__tests__/pid-component.test.tsx"
              name="pid-component CSS classes &gt; non-emphasized component does not show emphasis classes in preview"
              time="0.566">
      <system-out>
        Found entity for value in db {
        &quot;context&quot;: &quot;http://localhost:63315/?sessionId=5f67e300-fa65-441e-88d7-9de527ad4417&amp;iframeId=/Users/maximilian/GitHub/pid-component/packages/stencil-library/src/components/pid-component/__tests__/pid-component.test.tsx&quot;,
        &quot;lastAccess&quot;: 2026-05-12T08:16:20.328Z,
        &quot;lastData&quot;: undefined,
        &quot;orderedRendererKeys&quot;: null,
        &quot;rendererKey&quot;: &quot;FallbackType&quot;,
        &quot;value&quot;: &quot;test-value&quot;,
        } test-value
        TTL not expired or undefined 7200
      </system-out>
    </testcase>
    <testcase classname="src/components/pid-component/__tests__/pid-component.test.tsx"
              name="pid-component CSS classes &gt; expanded attribute is added/removed on toggle" time="1.099">
      <system-out>
        Found entity for value in db {
        &quot;context&quot;: &quot;http://localhost:63315/?sessionId=5f67e300-fa65-441e-88d7-9de527ad4417&amp;iframeId=/Users/maximilian/GitHub/pid-component/packages/stencil-library/src/components/pid-component/__tests__/pid-component.test.tsx&quot;,
        &quot;lastAccess&quot;: 2026-05-12T08:16:20.328Z,
        &quot;lastData&quot;: undefined,
        &quot;orderedRendererKeys&quot;: null,
        &quot;rendererKey&quot;: &quot;FallbackType&quot;,
        &quot;value&quot;: &quot;test-value&quot;,
        } test-value
        TTL not expired or undefined 7764
      </system-out>
    </testcase>
    <testcase classname="src/components/pid-component/__tests__/pid-component.test.tsx"
              name="pid-component CSS classes &gt; width and height are applied to host element" time="0.033">
      <system-out>
        Found entity for value in db {
        &quot;context&quot;: &quot;http://localhost:63315/?sessionId=5f67e300-fa65-441e-88d7-9de527ad4417&amp;iframeId=/Users/maximilian/GitHub/pid-component/packages/stencil-library/src/components/pid-component/__tests__/pid-component.test.tsx&quot;,
        &quot;lastAccess&quot;: 2026-05-12T08:16:20.328Z,
        &quot;lastData&quot;: undefined,
        &quot;orderedRendererKeys&quot;: null,
        &quot;rendererKey&quot;: &quot;FallbackType&quot;,
        &quot;value&quot;: &quot;test-value&quot;,
        } test-value
        TTL not expired or undefined 8865
      </system-out>
    </testcase>
    <testcase classname="src/components/pid-component/__tests__/pid-component.test.tsx"
              name="pid-component CSS classes &gt; has cursor-pointer class on preview element when interactive"
              time="0.568">
      <system-out>
        Found entity for value in db {
        &quot;context&quot;: &quot;http://localhost:63315/?sessionId=5f67e300-fa65-441e-88d7-9de527ad4417&amp;iframeId=/Users/maximilian/GitHub/pid-component/packages/stencil-library/src/components/pid-component/__tests__/pid-component.test.tsx&quot;,
        &quot;lastAccess&quot;: 2026-05-12T08:16:20.328Z,
        &quot;lastData&quot;: undefined,
        &quot;orderedRendererKeys&quot;: null,
        &quot;rendererKey&quot;: &quot;FallbackType&quot;,
        &quot;value&quot;: &quot;test-value&quot;,
        } test-value
        TTL not expired or undefined 8897
      </system-out>
    </testcase>
    <testcase classname="src/components/pid-component/__tests__/pid-component.test.tsx"
              name="pid-component CSS classes &gt; system dark mode uses correct classes" time="0.549">
      <system-out>
        Found entity for value in db {
        &quot;context&quot;: &quot;http://localhost:63315/?sessionId=5f67e300-fa65-441e-88d7-9de527ad4417&amp;iframeId=/Users/maximilian/GitHub/pid-component/packages/stencil-library/src/components/pid-component/__tests__/pid-component.test.tsx&quot;,
        &quot;lastAccess&quot;: 2026-05-12T08:16:20.328Z,
        &quot;lastData&quot;: undefined,
        &quot;orderedRendererKeys&quot;: null,
        &quot;rendererKey&quot;: &quot;FallbackType&quot;,
        &quot;value&quot;: &quot;test-value&quot;,
        } test-value
        TTL not expired or undefined 9468
      </system-out>
    </testcase>
    <testcase classname="src/components/pid-component/__tests__/pid-component.test.tsx"
              name="pid-component CSS classes &gt; showsInlineFlex class pattern in preview when expanded" time="0.566">
      <system-out>
        No valid entity found for value in db 10.5281/zenodo.1234567
        {
        &quot;handle&quot;: &quot;10.5281/zenodo.1234567&quot;,
        &quot;responseCode&quot;: 100,
        }
        CrossRef works error: 404
        CrossRef funders error: 404
      </system-out>
      <system-err>
        Failed to get entity from db [TypeError: undefined is not an object (evaluating &apos;rawJson.values.map&apos;)]
      </system-err>
    </testcase>
    <testcase classname="src/components/pid-component/__tests__/pid-component.test.tsx"
              name="pid-component CSS classes &gt; overflow-hidden class in collapsed preview" time="0.568">
      <system-out>
        Found entity for value in db {
        &quot;context&quot;: &quot;http://localhost:63315/?sessionId=5f67e300-fa65-441e-88d7-9de527ad4417&amp;iframeId=/Users/maximilian/GitHub/pid-component/packages/stencil-library/src/components/pid-component/__tests__/pid-component.test.tsx&quot;,
        &quot;lastAccess&quot;: 2026-05-12T08:16:20.328Z,
        &quot;lastData&quot;: undefined,
        &quot;orderedRendererKeys&quot;: null,
        &quot;rendererKey&quot;: &quot;FallbackType&quot;,
        &quot;value&quot;: &quot;test-value&quot;,
        } test-value
        TTL not expired or undefined 10582
      </system-out>
    </testcase>
  </testsuite>
</testsuites>
