<?xml version="1.0" encoding="UTF-8" ?>
<testsuites name="vitest tests" tests="1803" failures="0" errors="0" time="122.2540315001">
  <testsuite name="src/auto-detect/__tests__/DomScanner.unit.ts" timestamp="2026-05-11T20:06:16.517Z"
             hostname="Ms-MacBook-Air.fritz.box" tests="14" failures="0" errors="0" skipped="0" time="0.006559958">
    <testcase classname="src/auto-detect/__tests__/DomScanner.unit.ts"
              name="DomScanner &gt; scanDom() &gt; collects text nodes from a simple paragraph" time="0.001922625">
    </testcase>
    <testcase classname="src/auto-detect/__tests__/DomScanner.unit.ts"
              name="DomScanner &gt; scanDom() &gt; skips &lt;script&gt; elements and their children" time="0.00034625">
    </testcase>
    <testcase classname="src/auto-detect/__tests__/DomScanner.unit.ts"
              name="DomScanner &gt; scanDom() &gt; skips &lt;style&gt; elements" time="0.000270625">
    </testcase>
    <testcase classname="src/auto-detect/__tests__/DomScanner.unit.ts"
              name="DomScanner &gt; scanDom() &gt; skips &lt;textarea&gt; elements" time="0.000224209">
    </testcase>
    <testcase classname="src/auto-detect/__tests__/DomScanner.unit.ts"
              name="DomScanner &gt; scanDom() &gt; skips &lt;pid-component&gt; elements" time="0.000220458">
    </testcase>
    <testcase classname="src/auto-detect/__tests__/DomScanner.unit.ts"
              name="DomScanner &gt; scanDom() &gt; skips elements with contenteditable attribute" time="0.000186084">
    </testcase>
    <testcase classname="src/auto-detect/__tests__/DomScanner.unit.ts"
              name="DomScanner &gt; scanDom() &gt; skips elements matching exclude CSS selector" time="0.000203625">
    </testcase>
    <testcase classname="src/auto-detect/__tests__/DomScanner.unit.ts"
              name="DomScanner &gt; scanDom() &gt; ignores text nodes with less than 2 chars after trimming"
              time="0.000164208">
    </testcase>
    <testcase classname="src/auto-detect/__tests__/DomScanner.unit.ts"
              name="DomScanner &gt; scanDom() &gt; handles nested elements correctly" time="0.000210833">
    </testcase>
    <testcase classname="src/auto-detect/__tests__/DomScanner.unit.ts"
              name="DomScanner &gt; scanDom() &gt; returns unique IDs for each text node" time="0.000229625">
    </testcase>
    <testcase classname="src/auto-detect/__tests__/DomScanner.unit.ts"
              name="DomScanner &gt; scanDom() &gt; returns correct text content for each scanned node"
              time="0.000209333">
    </testcase>
    <testcase classname="src/auto-detect/__tests__/DomScanner.unit.ts"
              name="DomScanner &gt; scanDom() &gt; skips already-processed elements (with data-pid-auto-detected attribute)"
              time="0.000171">
    </testcase>
    <testcase classname="src/auto-detect/__tests__/DomScanner.unit.ts"
              name="DomScanner &gt; scanDom() &gt; skips elements inside .pid-auto-detect-wrapper" time="0.000129958">
    </testcase>
    <testcase classname="src/auto-detect/__tests__/DomScanner.unit.ts"
              name="DomScanner &gt; scanDom() &gt; handles missing requestIdleCallback gracefully" time="0.001132583">
    </testcase>
  </testsuite>
  <testsuite name="src/auto-detect/__tests__/TextReplacer.unit.ts" timestamp="2026-05-11T20:06:16.518Z"
             hostname="Ms-MacBook-Air.fritz.box" tests="8" failures="0" errors="0" skipped="0" time="0.00826975">
    <testcase classname="src/auto-detect/__tests__/TextReplacer.unit.ts"
              name="TextReplacer &gt; replaceMatches() &gt; replaces a single match with a wrapper containing pid-component"
              time="0.002900416">
    </testcase>
    <testcase classname="src/auto-detect/__tests__/TextReplacer.unit.ts"
              name="TextReplacer &gt; replaceMatches() &gt; keeps non-matched text before and after as plain text nodes"
              time="0.000564041">
    </testcase>
    <testcase classname="src/auto-detect/__tests__/TextReplacer.unit.ts"
              name="TextReplacer &gt; replaceMatches() &gt; handles multiple matches in one text node"
              time="0.000704125">
    </testcase>
    <testcase classname="src/auto-detect/__tests__/TextReplacer.unit.ts"
              name="TextReplacer &gt; replaceMatches() &gt; deduplicates overlapping matches" time="0.000555583">
    </testcase>
    <testcase classname="src/auto-detect/__tests__/TextReplacer.unit.ts"
              name="TextReplacer &gt; replaceMatches() &gt; applies config props (darkMode) to created pid-component"
              time="0.000885083">
    </testcase>
    <testcase classname="src/auto-detect/__tests__/TextReplacer.unit.ts"
              name="TextReplacer &gt; replaceMatches() &gt; sets data-pid-auto-detected attribute on processed text nodes"
              time="0.000513209">
    </testcase>
    <testcase classname="src/auto-detect/__tests__/TextReplacer.unit.ts"
              name="TextReplacer &gt; restoreOriginalText() &gt; removes wrappers and puts text back" time="0.000475">
    </testcase>
    <testcase classname="src/auto-detect/__tests__/TextReplacer.unit.ts"
              name="TextReplacer &gt; restoreOriginalText() &gt; normalizes adjacent text nodes after restoration"
              time="0.000672291">
    </testcase>
  </testsuite>
  <testsuite name="src/auto-detect/__tests__/detection-registry.unit.ts" timestamp="2026-05-11T20:06:16.519Z"
             hostname="Ms-MacBook-Air.fritz.box" tests="75" failures="0" errors="0" skipped="0" time="0.008678791">
    <testcase classname="src/auto-detect/__tests__/detection-registry.unit.ts"
              name="detection-registry &gt; sanitizeToken() &gt; strips trailing dot" time="0.001309334">
    </testcase>
    <testcase classname="src/auto-detect/__tests__/detection-registry.unit.ts"
              name="detection-registry &gt; sanitizeToken() &gt; strips trailing comma" time="0.00017">
    </testcase>
    <testcase classname="src/auto-detect/__tests__/detection-registry.unit.ts"
              name="detection-registry &gt; sanitizeToken() &gt; strips surrounding double quotes" time="0.000087375">
    </testcase>
    <testcase classname="src/auto-detect/__tests__/detection-registry.unit.ts"
              name="detection-registry &gt; sanitizeToken() &gt; strips surrounding parentheses" time="0.0001025">
    </testcase>
    <testcase classname="src/auto-detect/__tests__/detection-registry.unit.ts"
              name="detection-registry &gt; sanitizeToken() &gt; strips surrounding single quotes" time="0.000079708">
    </testcase>
    <testcase classname="src/auto-detect/__tests__/detection-registry.unit.ts"
              name="detection-registry &gt; sanitizeToken() &gt; strips trailing semicolon" time="0.000073792">
    </testcase>
    <testcase classname="src/auto-detect/__tests__/detection-registry.unit.ts"
              name="detection-registry &gt; sanitizeToken() &gt; strips trailing colon" time="0.000063083">
    </testcase>
    <testcase classname="src/auto-detect/__tests__/detection-registry.unit.ts"
              name="detection-registry &gt; sanitizeToken() &gt; returns unchanged value when no leading/trailing punctuation"
              time="0.00008575">
    </testcase>
    <testcase classname="src/auto-detect/__tests__/detection-registry.unit.ts"
              name="detection-registry &gt; sanitizeToken() &gt; returns empty string for all-punctuation input"
              time="0.000084917">
    </testcase>
    <testcase classname="src/auto-detect/__tests__/detection-registry.unit.ts"
              name="detection-registry &gt; sanitizeToken() &gt; returns correct leadingStripped count for leading quote"
              time="0.000106916">
    </testcase>
    <testcase classname="src/auto-detect/__tests__/detection-registry.unit.ts"
              name="detection-registry &gt; sanitizeToken() &gt; returns correct leadingStripped count for leading parenthesis"
              time="0.000065083">
    </testcase>
    <testcase classname="src/auto-detect/__tests__/detection-registry.unit.ts"
              name="detection-registry &gt; sanitizeToken() &gt; returns leadingStripped 0 when only trailing punctuation"
              time="0.000054584">
    </testcase>
    <testcase classname="src/auto-detect/__tests__/detection-registry.unit.ts"
              name="detection-registry &gt; sanitizeToken() &gt; strips multiple leading/trailing punctuation characters"
              time="0.000065042">
    </testcase>
    <testcase classname="src/auto-detect/__tests__/detection-registry.unit.ts"
              name="detection-registry &gt; sanitizeToken() &gt; strips surrounding straight double quotes"
              time="0.000058375">
    </testcase>
    <testcase classname="src/auto-detect/__tests__/detection-registry.unit.ts"
              name="detection-registry &gt; sanitizeToken() &gt; strips surrounding guillemets" time="0.000059166">
    </testcase>
    <testcase classname="src/auto-detect/__tests__/detection-registry.unit.ts"
              name="detection-registry &gt; sanitizeToken() &gt; strips whitespace-only input to empty string"
              time="0.000095709">
    </testcase>
    <testcase classname="src/auto-detect/__tests__/detection-registry.unit.ts"
              name="detection-registry &gt; sanitizeToken() &gt; handles mixed leading and trailing punctuation"
              time="0.000069959">
    </testcase>
    <testcase classname="src/auto-detect/__tests__/detection-registry.unit.ts"
              name="detection-registry &gt; sanitizeToken() &gt; returns empty string for empty input with leadingStripped 0"
              time="0.000064625">
    </testcase>
    <testcase classname="src/auto-detect/__tests__/detection-registry.unit.ts"
              name="detection-registry &gt; detectBestFit() — default mode &gt; returns DOIType for a bare DOI"
              time="0.000522542">
    </testcase>
    <testcase classname="src/auto-detect/__tests__/detection-registry.unit.ts"
              name="detection-registry &gt; detectBestFit() — default mode &gt; returns DOIType for a DOI with doi: prefix"
              time="0.0002975">
    </testcase>
    <testcase classname="src/auto-detect/__tests__/detection-registry.unit.ts"
              name="detection-registry &gt; detectBestFit() — default mode &gt; returns ORCIDType for a bare ORCID"
              time="0.000075209">
    </testcase>
    <testcase classname="src/auto-detect/__tests__/detection-registry.unit.ts"
              name="detection-registry &gt; detectBestFit() — default mode &gt; returns ORCIDType for an ORCID URL"
              time="0.000069083">
    </testcase>
    <testcase classname="src/auto-detect/__tests__/detection-registry.unit.ts"
              name="detection-registry &gt; detectBestFit() — default mode &gt; returns HandleType for a Handle identifier"
              time="0.000162">
    </testcase>
    <testcase classname="src/auto-detect/__tests__/detection-registry.unit.ts"
              name="detection-registry &gt; detectBestFit() — default mode &gt; returns RORType for a ROR URL"
              time="0.000300375">
    </testcase>
    <testcase classname="src/auto-detect/__tests__/detection-registry.unit.ts"
              name="detection-registry &gt; detectBestFit() — default mode &gt; returns SPDXType for an SPDX license URL"
              time="0.000210041">
    </testcase>
    <testcase classname="src/auto-detect/__tests__/detection-registry.unit.ts"
              name="detection-registry &gt; detectBestFit() — default mode &gt; returns EmailType for an email address"
              time="0.000198459">
    </testcase>
    <testcase classname="src/auto-detect/__tests__/detection-registry.unit.ts"
              name="detection-registry &gt; detectBestFit() — default mode &gt; returns URLType for a generic HTTPS URL"
              time="0.000200375">
    </testcase>
    <testcase classname="src/auto-detect/__tests__/detection-registry.unit.ts"
              name="detection-registry &gt; detectBestFit() — default mode &gt; returns DateType for an ISO 8601 datetime with timezone offset"
              time="0.000053459">
    </testcase>
    <testcase classname="src/auto-detect/__tests__/detection-registry.unit.ts"
              name="detection-registry &gt; detectBestFit() — default mode &gt; returns LocaleType for a locale with region subtag"
              time="0.000202333">
    </testcase>
    <testcase classname="src/auto-detect/__tests__/detection-registry.unit.ts"
              name="detection-registry &gt; detectBestFit() — default mode &gt; returns null for a random word with no match"
              time="0.000074541">
    </testcase>
    <testcase classname="src/auto-detect/__tests__/detection-registry.unit.ts"
              name="detection-registry &gt; detectBestFit() — default mode &gt; returns null for an empty string"
              time="0.000061875">
    </testcase>
    <testcase classname="src/auto-detect/__tests__/detection-registry.unit.ts"
              name="detection-registry &gt; detectBestFit() — default mode &gt; returns JSONType for a JSON object string"
              time="0.000082875">
    </testcase>
    <testcase classname="src/auto-detect/__tests__/detection-registry.unit.ts"
              name="detection-registry &gt; detectBestFit() — default mode &gt; returns DOIType for a DOI with https://doi.org/ prefix"
              time="0.000045708">
    </testcase>
    <testcase classname="src/auto-detect/__tests__/detection-registry.unit.ts"
              name="detection-registry &gt; detectBestFit() — default mode &gt; returns DOIType for a DOI with https://dx.doi.org/ prefix"
              time="0.000042542">
    </testcase>
    <testcase classname="src/auto-detect/__tests__/detection-registry.unit.ts"
              name="detection-registry &gt; detectBestFit() — default mode &gt; returns DateType for a datetime with Z timezone"
              time="0.000039625">
    </testcase>
    <testcase classname="src/auto-detect/__tests__/detection-registry.unit.ts"
              name="detection-registry &gt; detectBestFit() — default mode &gt; returns null for a bare two-letter locale code (too ambiguous)"
              time="0.000079875">
    </testcase>
    <testcase classname="src/auto-detect/__tests__/detection-registry.unit.ts"
              name="detection-registry &gt; detectBestFit() — default mode &gt; returns null for a bare SPDX license ID (too broad for auto-detect)"
              time="0.000074333">
    </testcase>
    <testcase classname="src/auto-detect/__tests__/detection-registry.unit.ts"
              name="detection-registry &gt; detectBestFit() — ordered mode &gt; matches DOI value when DOIType is in the list"
              time="0.000058041">
    </testcase>
    <testcase classname="src/auto-detect/__tests__/detection-registry.unit.ts"
              name="detection-registry &gt; detectBestFit() — ordered mode &gt; does NOT match DOI value when only ORCIDType is in the list (strict mode)"
              time="0.000048125">
    </testcase>
    <testcase classname="src/auto-detect/__tests__/detection-registry.unit.ts"
              name="detection-registry &gt; detectBestFit() — ordered mode &gt; HandleType wins for a DOI when HandleType is listed before DataCiteDOIType"
              time="0.000044459">
    </testcase>
    <testcase classname="src/auto-detect/__tests__/detection-registry.unit.ts"
              name="detection-registry &gt; detectBestFit() — ordered mode &gt; DataCiteDOIType wins when it is listed before HandleType"
              time="0.000038291">
    </testcase>
    <testcase classname="src/auto-detect/__tests__/detection-registry.unit.ts"
              name="detection-registry &gt; detectBestFit() — ordered mode &gt; skips unknown keys gracefully and still matches known ones"
              time="0.000039417">
    </testcase>
    <testcase classname="src/auto-detect/__tests__/detection-registry.unit.ts"
              name="detection-registry &gt; detectBestFit() — ordered mode &gt; returns null when all keys in the list are unknown (strict mode)"
              time="0.000038917">
    </testcase>
    <testcase classname="src/auto-detect/__tests__/detection-registry.unit.ts"
              name="detection-registry &gt; detectBestFit() — ordered mode &gt; returns null when the ordered list is empty"
              time="0.000041667">
    </testcase>
    <testcase classname="src/auto-detect/__tests__/detection-registry.unit.ts"
              name="detection-registry &gt; detectBestFit() — ordered mode &gt; returns null when the ordered list has no match"
              time="0.000082583">
    </testcase>
    <testcase classname="src/auto-detect/__tests__/detection-registry.unit.ts"
              name="detection-registry &gt; detectBestFit() — ordered mode &gt; skips unknown keys and falls back to default when fallbackToAll is true"
              time="0.000043875">
    </testcase>
    <testcase classname="src/auto-detect/__tests__/detection-registry.unit.ts"
              name="detection-registry &gt; detectBestFit() — ordered mode &gt; skips unknown keys and returns null when fallbackToAll is false"
              time="0.000041417">
    </testcase>
    <testcase classname="src/auto-detect/__tests__/detection-registry.unit.ts"
              name="detection-registry &gt; detectBestFit() — ordered mode &gt; duplicate keys in ordered list — first match wins"
              time="0.000041292">
    </testcase>
    <testcase classname="src/auto-detect/__tests__/detection-registry.unit.ts"
              name="detection-registry &gt; detectBestFit() — ordered mode with non-auto-discoverable renderers &gt; LocaleType matches when explicitly listed (not auto-discoverable by default)"
              time="0.000070583">
    </testcase>
    <testcase classname="src/auto-detect/__tests__/detection-registry.unit.ts"
              name="detection-registry &gt; detectBestFit() — ordered mode with non-auto-discoverable renderers &gt; LocaleType returns null in default mode (not auto-discoverable)"
              time="0.000075209">
    </testcase>
    <testcase classname="src/auto-detect/__tests__/detection-registry.unit.ts"
              name="detection-registry &gt; detectBestFit() — ordered mode with non-auto-discoverable renderers &gt; en-US locale matches when explicitly listed"
              time="0.000061458">
    </testcase>
    <testcase classname="src/auto-detect/__tests__/detection-registry.unit.ts"
              name="detection-registry &gt; detectBestFit() — ordered mode with non-auto-discoverable renderers &gt; strictly ordered mode with non-auto-discoverable renderer and fallbackToAll=false"
              time="0.000042667">
    </testcase>
    <testcase classname="src/auto-detect/__tests__/detection-registry.unit.ts"
              name="detection-registry &gt; detectBestFit() — quickCheck() returning undefined &gt; SPDX bare license ID quickCheck() returns undefined (not false)"
              time="0.000067042">
    </testcase>
    <testcase classname="src/auto-detect/__tests__/detection-registry.unit.ts"
              name="detection-registry &gt; detectBestFit() — quickCheck() returning undefined &gt; SPDX bare license ID returns null in default mode (undefined is falsy)"
              time="0.00006825">
    </testcase>
    <testcase classname="src/auto-detect/__tests__/detection-registry.unit.ts"
              name="detection-registry &gt; detectBestFit() — quickCheck() returning undefined &gt; SPDX bare license ID with ordered list and fallbackToAll=true falls back to null"
              time="0.000082041">
    </testcase>
    <testcase classname="src/auto-detect/__tests__/detection-registry.unit.ts"
              name="detection-registry &gt; detectBestFit() — quickCheck() returning undefined &gt; Apache-2.0 bare ID returns null in default mode"
              time="0.000065625">
    </testcase>
    <testcase classname="src/auto-detect/__tests__/detection-registry.unit.ts"
              name="detection-registry &gt; detectBestFit() — fallbackToAll &gt; falls back to default registry when ordered list has no match (fallbackToAll=true)"
              time="0.000046208">
    </testcase>
    <testcase classname="src/auto-detect/__tests__/detection-registry.unit.ts"
              name="detection-registry &gt; detectBestFit() — fallbackToAll &gt; returns null when ordered list has no match and fallbackToAll=false"
              time="0.000041625">
    </testcase>
    <testcase classname="src/auto-detect/__tests__/detection-registry.unit.ts"
              name="detection-registry &gt; detectBestFit() — fallbackToAll &gt; fallbackToAll defaults to true when not specified"
              time="0.000042167">
    </testcase>
    <testcase classname="src/auto-detect/__tests__/detection-registry.unit.ts"
              name="detection-registry &gt; detectBestFit() — fallbackToAll &gt; empty ordered list with fallbackToAll=true falls back to default"
              time="0.000040833">
    </testcase>
    <testcase classname="src/auto-detect/__tests__/detection-registry.unit.ts"
              name="detection-registry &gt; detectBestFit() — fallbackToAll &gt; empty ordered list with fallbackToAll=false falls back to default"
              time="0.000037958">
    </testcase>
    <testcase classname="src/auto-detect/__tests__/detection-registry.unit.ts"
              name="detection-registry &gt; priority ordering &gt; DOI beats Handle in default mode for a DOI value"
              time="0.00004475">
    </testcase>
    <testcase classname="src/auto-detect/__tests__/detection-registry.unit.ts"
              name="detection-registry &gt; priority ordering &gt; ORCID beats Handle in default mode for an ORCID value"
              time="0.000041208">
    </testcase>
    <testcase classname="src/auto-detect/__tests__/detection-registry.unit.ts"
              name="detection-registry &gt; priority ordering &gt; ORCIDType appears before DataCiteDOIType in the registry"
              time="0.000064709">
    </testcase>
    <testcase classname="src/auto-detect/__tests__/detection-registry.unit.ts"
              name="detection-registry &gt; priority ordering &gt; DataCiteDOIType appears before HandleType in the registry"
              time="0.0000445">
    </testcase>
    <testcase classname="src/auto-detect/__tests__/detection-registry.unit.ts"
              name="detection-registry &gt; priority ordering &gt; SPDXType URL is matched before URLType in default mode"
              time="0.000050417">
    </testcase>
    <testcase classname="src/auto-detect/__tests__/detection-registry.unit.ts"
              name="detection-registry &gt; priority ordering &gt; ROR URL is matched as RORType rather than URLType"
              time="0.000057709">
    </testcase>
    <testcase classname="src/auto-detect/__tests__/detection-registry.unit.ts"
              name="detection-registry &gt; priority ordering &gt; ORCID URL is matched as ORCIDType rather than URLType"
              time="0.000042">
    </testcase>
    <testcase classname="src/auto-detect/__tests__/detection-registry.unit.ts"
              name="detection-registry &gt; individual detector edge cases &gt; EmailType rejects empty string"
              time="0.000047375">
    </testcase>
    <testcase classname="src/auto-detect/__tests__/detection-registry.unit.ts"
              name="detection-registry &gt; individual detector edge cases &gt; JSONType rejects a plain string (non-object)"
              time="0.000046542">
    </testcase>
    <testcase classname="src/auto-detect/__tests__/detection-registry.unit.ts"
              name="detection-registry &gt; individual detector edge cases &gt; JSONType rejects an empty string"
              time="0.000046208">
    </testcase>
    <testcase classname="src/auto-detect/__tests__/detection-registry.unit.ts"
              name="detection-registry &gt; individual detector edge cases &gt; JSONType accepts a JSON array"
              time="0.000047667">
    </testcase>
    <testcase classname="src/auto-detect/__tests__/detection-registry.unit.ts"
              name="detection-registry &gt; individual detector edge cases &gt; JSONType rejects invalid JSON"
              time="0.000049917">
    </testcase>
    <testcase classname="src/auto-detect/__tests__/detection-registry.unit.ts"
              name="detection-registry &gt; individual detector edge cases &gt; LocaleType rejects bare two-letter code"
              time="0.0000445">
    </testcase>
    <testcase classname="src/auto-detect/__tests__/detection-registry.unit.ts"
              name="detection-registry &gt; individual detector edge cases &gt; LocaleType accepts &quot;en-US&quot;"
              time="0.000041958">
    </testcase>
  </testsuite>
  <testsuite name="src/auto-detect/__tests__/initPidDetection.unit.ts" timestamp="2026-05-11T20:06:16.524Z"
             hostname="Ms-MacBook-Air.fritz.box" tests="9" failures="0" errors="0" skipped="0" time="0.005039333">
    <testcase classname="src/auto-detect/__tests__/initPidDetection.unit.ts"
              name="initPidDetection &gt; basic functionality &gt; creates a controller with destroy method"
              time="0.001922875">
    </testcase>
    <testcase classname="src/auto-detect/__tests__/initPidDetection.unit.ts"
              name="initPidDetection &gt; basic functionality &gt; scans the DOM on initialization" time="0.000327041">
    </testcase>
    <testcase classname="src/auto-detect/__tests__/initPidDetection.unit.ts"
              name="initPidDetection &gt; basic functionality &gt; does not throw when called without options"
              time="0.000512667">
    </testcase>
    <testcase classname="src/auto-detect/__tests__/initPidDetection.unit.ts"
              name="initPidDetection &gt; basic functionality &gt; handles root element that is not document.body"
              time="0.000191584">
    </testcase>
    <testcase classname="src/auto-detect/__tests__/initPidDetection.unit.ts"
              name="initPidDetection &gt; controller methods &gt; stop() disconnects the MutationObserver when observe is true"
              time="0.000257084">
    </testcase>
    <testcase classname="src/auto-detect/__tests__/initPidDetection.unit.ts"
              name="initPidDetection &gt; controller methods &gt; rescan() calls scanDom again" time="0.000203417">
    </testcase>
    <testcase classname="src/auto-detect/__tests__/initPidDetection.unit.ts"
              name="initPidDetection &gt; controller methods &gt; destroy() disconnects observer and calls restoreOriginalText"
              time="0.000249917">
    </testcase>
    <testcase classname="src/auto-detect/__tests__/initPidDetection.unit.ts"
              name="initPidDetection &gt; controller methods &gt; destroy() handles case when observer is not set"
              time="0.000180042">
    </testcase>
    <testcase classname="src/auto-detect/__tests__/initPidDetection.unit.ts"
              name="initPidDetection &gt; lifecycle methods &gt; destroy() restores original text for accumulated records"
              time="0.000253958">
    </testcase>
  </testsuite>
  <testsuite name="src/utils/__tests__/DataCache.unit.ts" timestamp="2026-05-11T20:06:16.524Z"
             hostname="Ms-MacBook-Air.fritz.box" tests="9" failures="0" errors="0" skipped="0" time="0.013459167">
    <testcase classname="src/utils/__tests__/DataCache.unit.ts"
              name="DataCache &gt; cachedFetch() without cache API available &gt; falls back to fetch when no cache is available"
              time="0.009149">
    </testcase>
    <testcase classname="src/utils/__tests__/DataCache.unit.ts"
              name="DataCache &gt; cachedFetch() without cache API available &gt; passes init options through to fetch"
              time="0.000464708">
    </testcase>
    <testcase classname="src/utils/__tests__/DataCache.unit.ts"
              name="DataCache &gt; cachedFetch() with cache API available &gt; returns cached response when cache hit occurs"
              time="0.000406792">
    </testcase>
    <testcase classname="src/utils/__tests__/DataCache.unit.ts"
              name="DataCache &gt; cachedFetch() with cache API available &gt; fetches from network, caches, and returns data on cache miss for https URL"
              time="0.000308833">
    </testcase>
    <testcase classname="src/utils/__tests__/DataCache.unit.ts"
              name="DataCache &gt; cachedFetch() with cache API available &gt; upgrades http to https when fetching on cache miss"
              time="0.000191917">
    </testcase>
    <testcase classname="src/utils/__tests__/DataCache.unit.ts"
              name="DataCache &gt; cachedFetch() with cache API available &gt; falls back to http when https fails with falsy response"
              time="0.000532042">
    </testcase>
    <testcase classname="src/utils/__tests__/DataCache.unit.ts"
              name="DataCache &gt; cachedFetch() with cache API available &gt; throws error when fetch fails completely"
              time="0.001029208">
    </testcase>
    <testcase classname="src/utils/__tests__/DataCache.unit.ts"
              name="DataCache &gt; clearCache() &gt; works without error when no cache instance exists"
              time="0.000230834">
    </testcase>
    <testcase classname="src/utils/__tests__/DataCache.unit.ts"
              name="DataCache &gt; clearCache() &gt; calls delete on the cache instance when it exists"
              time="0.000175292">
    </testcase>
  </testsuite>
  <testsuite name="src/utils/__tests__/FoldableAction.unit.ts" timestamp="2026-05-11T20:06:16.525Z"
             hostname="Ms-MacBook-Air.fritz.box" tests="14" failures="0" errors="0" skipped="0" time="0.003013083">
    <testcase classname="src/utils/__tests__/FoldableAction.unit.ts"
              name="FoldableAction &gt; constructor &gt; creates a FoldableAction with primary style"
              time="0.001137625">
    </testcase>
    <testcase classname="src/utils/__tests__/FoldableAction.unit.ts"
              name="FoldableAction &gt; constructor &gt; creates a FoldableAction with secondary style"
              time="0.000127167">
    </testcase>
    <testcase classname="src/utils/__tests__/FoldableAction.unit.ts"
              name="FoldableAction &gt; constructor &gt; creates a FoldableAction with danger style" time="0.00007025">
    </testcase>
    <testcase classname="src/utils/__tests__/FoldableAction.unit.ts"
              name="FoldableAction &gt; priority &gt; returns the priority" time="0.000069375">
    </testcase>
    <testcase classname="src/utils/__tests__/FoldableAction.unit.ts"
              name="FoldableAction &gt; title &gt; returns the title" time="0.000066083">
    </testcase>
    <testcase classname="src/utils/__tests__/FoldableAction.unit.ts"
              name="FoldableAction &gt; link &gt; returns the link" time="0.000063833">
    </testcase>
    <testcase classname="src/utils/__tests__/FoldableAction.unit.ts"
              name="FoldableAction &gt; style &gt; returns primary style" time="0.000063583">
    </testcase>
    <testcase classname="src/utils/__tests__/FoldableAction.unit.ts"
              name="FoldableAction &gt; style &gt; returns secondary style" time="0.00012525">
    </testcase>
    <testcase classname="src/utils/__tests__/FoldableAction.unit.ts"
              name="FoldableAction &gt; style &gt; returns danger style" time="0.000074583">
    </testcase>
    <testcase classname="src/utils/__tests__/FoldableAction.unit.ts"
              name="FoldableAction &gt; equals() &gt; returns true for identical actions" time="0.000116291">
    </testcase>
    <testcase classname="src/utils/__tests__/FoldableAction.unit.ts"
              name="FoldableAction &gt; equals() &gt; returns false for different priority" time="0.000058375">
    </testcase>
    <testcase classname="src/utils/__tests__/FoldableAction.unit.ts"
              name="FoldableAction &gt; equals() &gt; returns false for different title" time="0.00005025">
    </testcase>
    <testcase classname="src/utils/__tests__/FoldableAction.unit.ts"
              name="FoldableAction &gt; equals() &gt; returns false for different link" time="0.000044625">
    </testcase>
    <testcase classname="src/utils/__tests__/FoldableAction.unit.ts"
              name="FoldableAction &gt; equals() &gt; returns false for different style" time="0.000040834">
    </testcase>
  </testsuite>
  <testsuite name="src/utils/__tests__/FoldableItem.unit.ts" timestamp="2026-05-11T20:06:16.527Z"
             hostname="Ms-MacBook-Air.fritz.box" tests="28" failures="0" errors="0" skipped="0" time="0.004892125">
    <testcase classname="src/utils/__tests__/FoldableItem.unit.ts"
              name="FoldableItem &gt; constructor &gt; creates a FoldableItem with all properties" time="0.001588125">
    </testcase>
    <testcase classname="src/utils/__tests__/FoldableItem.unit.ts"
              name="FoldableItem &gt; constructor &gt; creates a FoldableItem with default renderDynamically"
              time="0.000123125">
    </testcase>
    <testcase classname="src/utils/__tests__/FoldableItem.unit.ts"
              name="FoldableItem &gt; constructor &gt; creates a FoldableItem with renderDynamically set to false"
              time="0.000099083">
    </testcase>
    <testcase classname="src/utils/__tests__/FoldableItem.unit.ts"
              name="FoldableItem &gt; priority &gt; returns the priority" time="0.000082333">
    </testcase>
    <testcase classname="src/utils/__tests__/FoldableItem.unit.ts"
              name="FoldableItem &gt; keyTitle &gt; returns the key title" time="0.00006725">
    </testcase>
    <testcase classname="src/utils/__tests__/FoldableItem.unit.ts" name="FoldableItem &gt; value &gt; returns the value"
              time="0.000058542">
    </testcase>
    <testcase classname="src/utils/__tests__/FoldableItem.unit.ts"
              name="FoldableItem &gt; keyTooltip &gt; returns undefined when not provided" time="0.000069084">
    </testcase>
    <testcase classname="src/utils/__tests__/FoldableItem.unit.ts"
              name="FoldableItem &gt; keyTooltip &gt; returns the tooltip when provided" time="0.000067375">
    </testcase>
    <testcase classname="src/utils/__tests__/FoldableItem.unit.ts"
              name="FoldableItem &gt; keyLink &gt; returns undefined when not provided" time="0.000080875">
    </testcase>
    <testcase classname="src/utils/__tests__/FoldableItem.unit.ts"
              name="FoldableItem &gt; keyLink &gt; returns the link when provided" time="0.000102667">
    </testcase>
    <testcase classname="src/utils/__tests__/FoldableItem.unit.ts"
              name="FoldableItem &gt; valueRegex &gt; returns undefined when not provided" time="0.000061333">
    </testcase>
    <testcase classname="src/utils/__tests__/FoldableItem.unit.ts"
              name="FoldableItem &gt; valueRegex &gt; returns the regex when provided" time="0.000062459">
    </testcase>
    <testcase classname="src/utils/__tests__/FoldableItem.unit.ts"
              name="FoldableItem &gt; renderDynamically &gt; returns true by default" time="0.000047167">
    </testcase>
    <testcase classname="src/utils/__tests__/FoldableItem.unit.ts"
              name="FoldableItem &gt; renderDynamically &gt; returns false when explicitly set" time="0.000055375">
    </testcase>
    <testcase classname="src/utils/__tests__/FoldableItem.unit.ts"
              name="FoldableItem &gt; estimatedTypePriority &gt; returns 0 when renderDynamically is true"
              time="0.000042541">
    </testcase>
    <testcase classname="src/utils/__tests__/FoldableItem.unit.ts"
              name="FoldableItem &gt; estimatedTypePriority &gt; returns MAX_SAFE_INTEGER when renderDynamically is false"
              time="0.000054292">
    </testcase>
    <testcase classname="src/utils/__tests__/FoldableItem.unit.ts"
              name="FoldableItem &gt; isValidValue() &gt; returns true when no regex is set" time="0.0000635">
    </testcase>
    <testcase classname="src/utils/__tests__/FoldableItem.unit.ts"
              name="FoldableItem &gt; isValidValue() &gt; returns true when value matches regex" time="0.000057209">
    </testcase>
    <testcase classname="src/utils/__tests__/FoldableItem.unit.ts"
              name="FoldableItem &gt; isValidValue() &gt; returns false when value does not match regex"
              time="0.0000675">
    </testcase>
    <testcase classname="src/utils/__tests__/FoldableItem.unit.ts"
              name="FoldableItem &gt; isValidValue() &gt; handles regex with special characters" time="0.000063959">
    </testcase>
    <testcase classname="src/utils/__tests__/FoldableItem.unit.ts"
              name="FoldableItem &gt; equals() &gt; returns true for identical items" time="0.000064083">
    </testcase>
    <testcase classname="src/utils/__tests__/FoldableItem.unit.ts"
              name="FoldableItem &gt; equals() &gt; returns false for different keyTitle" time="0.000041">
    </testcase>
    <testcase classname="src/utils/__tests__/FoldableItem.unit.ts"
              name="FoldableItem &gt; equals() &gt; returns false for different value" time="0.000040541">
    </testcase>
    <testcase classname="src/utils/__tests__/FoldableItem.unit.ts"
              name="FoldableItem &gt; equals() &gt; returns false for different keyTooltip" time="0.000047041">
    </testcase>
    <testcase classname="src/utils/__tests__/FoldableItem.unit.ts"
              name="FoldableItem &gt; equals() &gt; returns false for different keyLink" time="0.000044291">
    </testcase>
    <testcase classname="src/utils/__tests__/FoldableItem.unit.ts"
              name="FoldableItem &gt; equals() &gt; returns false for different renderDynamically" time="0.000040167">
    </testcase>
    <testcase classname="src/utils/__tests__/FoldableItem.unit.ts"
              name="FoldableItem &gt; equals() &gt; ignores priority in comparison" time="0.000040458">
    </testcase>
    <testcase classname="src/utils/__tests__/FoldableItem.unit.ts"
              name="FoldableItem &gt; equals() &gt; ignores valueRegex in comparison" time="0.000043292">
    </testcase>
  </testsuite>
  <testsuite name="src/utils/__tests__/GenericIdentifierType.unit.ts" timestamp="2026-05-11T20:06:16.529Z"
             hostname="Ms-MacBook-Air.fritz.box" tests="23" failures="0" errors="0" skipped="0" time="0.01553025">
    <testcase classname="src/utils/__tests__/GenericIdentifierType.unit.ts"
              name="GenericIdentifierType &gt; constructor &gt; stores the value passed to the constructor"
              time="0.005210125">
    </testcase>
    <testcase classname="src/utils/__tests__/GenericIdentifierType.unit.ts"
              name="GenericIdentifierType &gt; constructor &gt; stores settings when provided via setter"
              time="0.000468375">
    </testcase>
    <testcase classname="src/utils/__tests__/GenericIdentifierType.unit.ts"
              name="GenericIdentifierType &gt; constructor &gt; defaults settings to an empty array when not provided"
              time="0.000991458">
    </testcase>
    <testcase classname="src/utils/__tests__/GenericIdentifierType.unit.ts"
              name="GenericIdentifierType &gt; value getter &gt; returns the stored value" time="0.000131417">
    </testcase>
    <testcase classname="src/utils/__tests__/GenericIdentifierType.unit.ts"
              name="GenericIdentifierType &gt; settings getter/setter &gt; getter returns the current settings"
              time="0.000141">
    </testcase>
    <testcase classname="src/utils/__tests__/GenericIdentifierType.unit.ts"
              name="GenericIdentifierType &gt; settings getter/setter &gt; setter updates the settings"
              time="0.00008775">
    </testcase>
    <testcase classname="src/utils/__tests__/GenericIdentifierType.unit.ts"
              name="GenericIdentifierType &gt; settings getter/setter &gt; setter triggers updateDarkMode"
              time="0.000230125">
    </testcase>
    <testcase classname="src/utils/__tests__/GenericIdentifierType.unit.ts"
              name="GenericIdentifierType &gt; isDarkMode &gt; returns false when darkMode setting is &quot;light&quot;"
              time="0.000085459">
    </testcase>
    <testcase classname="src/utils/__tests__/GenericIdentifierType.unit.ts"
              name="GenericIdentifierType &gt; isDarkMode &gt; returns true when darkMode setting is &quot;dark&quot;"
              time="0.000589625">
    </testcase>
    <testcase classname="src/utils/__tests__/GenericIdentifierType.unit.ts"
              name="GenericIdentifierType &gt; isDarkMode &gt; returns false by default when no darkMode setting exists"
              time="0.000413958">
    </testcase>
    <testcase classname="src/utils/__tests__/GenericIdentifierType.unit.ts"
              name="GenericIdentifierType &gt; isDarkMode &gt; returns false by default when settings are empty"
              time="0.000253167">
    </testcase>
    <testcase classname="src/utils/__tests__/GenericIdentifierType.unit.ts"
              name="GenericIdentifierType &gt; isDarkMode &gt; returns false when system preference is not dark"
              time="0.000665708">
    </testcase>
    <testcase classname="src/utils/__tests__/GenericIdentifierType.unit.ts"
              name="GenericIdentifierType &gt; isDarkMode &gt; updates when settings are changed via the setter"
              time="0.000287541">
    </testcase>
    <testcase classname="src/utils/__tests__/GenericIdentifierType.unit.ts"
              name="GenericIdentifierType &gt; items getter &gt; returns an empty array by default" time="0.000557125">
    </testcase>
    <testcase classname="src/utils/__tests__/GenericIdentifierType.unit.ts"
              name="GenericIdentifierType &gt; actions getter &gt; returns an empty array by default"
              time="0.000524834">
    </testcase>
    <testcase classname="src/utils/__tests__/GenericIdentifierType.unit.ts"
              name="GenericIdentifierType &gt; data getter &gt; returns undefined by default" time="0.000362458">
    </testcase>
    <testcase classname="src/utils/__tests__/GenericIdentifierType.unit.ts"
              name="GenericIdentifierType &gt; quickCheck() &gt; returns true by default for test renderer"
              time="0.00048925">
    </testcase>
    <testcase classname="src/utils/__tests__/GenericIdentifierType.unit.ts"
              name="GenericIdentifierType &gt; isResolvable() &gt; returns true by default" time="0.00022875">
    </testcase>
    <testcase classname="src/utils/__tests__/GenericIdentifierType.unit.ts"
              name="GenericIdentifierType &gt; renderBody() &gt; returns undefined by default" time="0.000183958">
    </testcase>
    <testcase classname="src/utils/__tests__/GenericIdentifierType.unit.ts"
              name="GenericIdentifierType &gt; abstract methods (TestRenderer stubs) &gt; hasMeaningfulInformation() resolves to true"
              time="0.000190375">
    </testcase>
    <testcase classname="src/utils/__tests__/GenericIdentifierType.unit.ts"
              name="GenericIdentifierType &gt; abstract methods (TestRenderer stubs) &gt; getSettingsKey() returns the stub key"
              time="0.00006425">
    </testcase>
    <testcase classname="src/utils/__tests__/GenericIdentifierType.unit.ts"
              name="GenericIdentifierType &gt; abstract methods (TestRenderer stubs) &gt; renderPreview() returns a FunctionalComponent from the stub"
              time="0.000066208">
    </testcase>
    <testcase classname="src/utils/__tests__/GenericIdentifierType.unit.ts"
              name="GenericIdentifierType &gt; abstract methods (TestRenderer stubs) &gt; init() completes without error"
              time="0.000817709">
    </testcase>
  </testsuite>
  <testsuite name="src/utils/__tests__/IndexedDBUtil.unit.ts" timestamp="2026-05-11T20:06:16.530Z"
             hostname="Ms-MacBook-Air.fritz.box" tests="15" failures="0" errors="0" skipped="0" time="0.012417458">
    <testcase classname="src/utils/__tests__/IndexedDBUtil.unit.ts"
              name="Database &gt; getEntity() &gt; returns cached entity when found in DB and TTL not expired"
              time="0.005615584">
      <system-out>
        Found entity for value in db {
        value: [32m&apos;test-doi&apos;[39m,
        rendererKey: [32m&apos;DOIType&apos;[39m,
        orderedRendererKeys: [1mnull[22m,
        context: [32m&apos;https://example.com&apos;[39m,
        lastAccess: [35m2026-05-11T20:06:06.724Z[39m,
        lastData: { some: [32m&apos;data&apos;[39m }
        } test-doi
        TTL not expired or undefined [33m3[39m

      </system-out>
    </testcase>
    <testcase classname="src/utils/__tests__/IndexedDBUtil.unit.ts"
              name="Database &gt; getEntity() &gt; deletes and re-fetches when TTL expired" time="0.001450084">
      <system-out>
        Found entity for value in db {
        value: [32m&apos;test-doi&apos;[39m,
        rendererKey: [32m&apos;DOIType&apos;[39m,
        orderedRendererKeys: [1mnull[22m,
        context: [32m&apos;https://example.com&apos;[39m,
        lastAccess: [35m2026-05-11T20:04:06.728Z[39m,
        lastData: { some: [32m&apos;data&apos;[39m }
        } test-doi
        TTL expired! Deleting entry in db [33m60000[39m [33m120001[39m

        deleted entity test-doi

        No valid entity found for value in db test-doi

        added entity {
        value: [32m&apos;test-doi&apos;[39m,
        getSettingsKey: [Function: Mock] {
        _isMockFunction: [33mtrue[39m,
        getMockImplementation: [36m[Function (anonymous)][39m,
        mock: {
        calls: [36m[Array][39m,
        contexts: [36m[Array][39m,
        instances: [36m[Array][39m,
        invocationCallOrder: [36m[Array][39m,
        settledResults: [36m[Array][39m,
        results: [36m[Array][39m,
        lastCall: [36m[Getter][39m
        },
        mockImplementation: [36m[Function: mockImplementation][39m,
        mockImplementationOnce: [36m[Function: mockImplementationOnce][39m,
        withImplementation: [36m[Function: withImplementation][39m,
        mockReturnThis: [36m[Function: mockReturnThis][39m,
        mockReturnValue: [36m[Function: mockReturnValue][39m,
        mockReturnValueOnce: [36m[Function: mockReturnValueOnce][39m,
        mockThrow: [36m[Function: mockThrow][39m,
        mockThrowOnce: [36m[Function: mockThrowOnce][39m,
        mockResolvedValue: [36m[Function: mockResolvedValue][39m,
        mockResolvedValueOnce: [36m[Function: mockResolvedValueOnce][39m,
        mockRejectedValue: [36m[Function: mockRejectedValue][39m,
        mockRejectedValueOnce: [36m[Function: mockRejectedValueOnce][39m,
        mockClear: [36m[Function: mockClear][39m,
        mockReset: [36m[Function: mockReset][39m,
        mockRestore: [36m[Function: mockRestore][39m,
        mockName: [36m[Function: mockName][39m,
        getMockName: [36m[Function: getMockName][39m,
        [32mSymbol(Symbol.dispose)[39m: [36m[Function (anonymous)][39m
        },
        init: [Function: Mock] {
        _isMockFunction: [33mtrue[39m,
        getMockImplementation: [36m[Function (anonymous)][39m,
        mock: {
        calls: [36m[Array][39m,
        contexts: [36m[Array][39m,
        instances: [36m[Array][39m,
        invocationCallOrder: [36m[Array][39m,
        settledResults: [36m[Array][39m,
        results: [36m[Array][39m,
        lastCall: [36m[Getter][39m
        },
        mockImplementation: [36m[Function: mockImplementation][39m,
        mockImplementationOnce: [36m[Function: mockImplementationOnce][39m,
        withImplementation: [36m[Function: withImplementation][39m,
        mockReturnThis: [36m[Function: mockReturnThis][39m,
        mockReturnValue: [36m[Function: mockReturnValue][39m,
        mockReturnValueOnce: [36m[Function: mockReturnValueOnce][39m,
        mockThrow: [36m[Function: mockThrow][39m,
        mockThrowOnce: [36m[Function: mockThrowOnce][39m,
        mockResolvedValue: [36m[Function: mockResolvedValue][39m,
        mockResolvedValueOnce: [36m[Function: mockResolvedValueOnce][39m,
        mockRejectedValue: [36m[Function: mockRejectedValue][39m,
        mockRejectedValueOnce: [36m[Function: mockRejectedValueOnce][39m,
        mockClear: [36m[Function: mockClear][39m,
        mockReset: [36m[Function: mockReset][39m,
        mockRestore: [36m[Function: mockRestore][39m,
        mockName: [36m[Function: mockName][39m,
        getMockName: [36m[Function: getMockName][39m,
        [32mSymbol(Symbol.dispose)[39m: [36m[Function (anonymous)][39m
        },
        isResolvable: [Function: Mock] {
        _isMockFunction: [33mtrue[39m,
        getMockImplementation: [36m[Function (anonymous)][39m,
        mock: {
        calls: [36m[Array][39m,
        contexts: [36m[Array][39m,
        instances: [36m[Array][39m,
        invocationCallOrder: [36m[Array][39m,
        settledResults: [36m[Array][39m,
        results: [36m[Array][39m,
        lastCall: [36m[Getter][39m
        },
        mockImplementation: [36m[Function: mockImplementation][39m,
        mockImplementationOnce: [36m[Function: mockImplementationOnce][39m,
        withImplementation: [36m[Function: withImplementation][39m,
        mockReturnThis: [36m[Function: mockReturnThis][39m,
        mockReturnValue: [36m[Function: mockReturnValue][39m,
        mockReturnValueOnce: [36m[Function: mockReturnValueOnce][39m,
        mockThrow: [36m[Function: mockThrow][39m,
        mockThrowOnce: [36m[Function: mockThrowOnce][39m,
        mockResolvedValue: [36m[Function: mockResolvedValue][39m,
        mockResolvedValueOnce: [36m[Function: mockResolvedValueOnce][39m,
        mockRejectedValue: [36m[Function: mockRejectedValue][39m,
        mockRejectedValueOnce: [36m[Function: mockRejectedValueOnce][39m,
        mockClear: [36m[Function: mockClear][39m,
        mockReset: [36m[Function: mockReset][39m,
        mockRestore: [36m[Function: mockRestore][39m,
        mockName: [36m[Function: mockName][39m,
        getMockName: [36m[Function: getMockName][39m,
        [32mSymbol(Symbol.dispose)[39m: [36m[Function (anonymous)][39m
        },
        settings: [
        { name: [32m&apos;ttl&apos;[39m, value: [33m60000[39m },
        { name: [32m&apos;apiKey&apos;[39m, value: [32m&apos;test-key&apos;[39m }
        ],
        items: [],
        data: { fresh: [33mtrue[39m }
        }

        added relations [ Promise { [90mundefined[39m } ]

        added entity to db test-doi {
        value: [32m&apos;test-doi&apos;[39m,
        getSettingsKey: [Function: Mock] {
        _isMockFunction: [33mtrue[39m,
        getMockImplementation: [36m[Function (anonymous)][39m,
        mock: {
        calls: [36m[Array][39m,
        contexts: [36m[Array][39m,
        instances: [36m[Array][39m,
        invocationCallOrder: [36m[Array][39m,
        settledResults: [36m[Array][39m,
        results: [36m[Array][39m,
        lastCall: [36m[Getter][39m
        },
        mockImplementation: [36m[Function: mockImplementation][39m,
        mockImplementationOnce: [36m[Function: mockImplementationOnce][39m,
        withImplementation: [36m[Function: withImplementation][39m,
        mockReturnThis: [36m[Function: mockReturnThis][39m,
        mockReturnValue: [36m[Function: mockReturnValue][39m,
        mockReturnValueOnce: [36m[Function: mockReturnValueOnce][39m,
        mockThrow: [36m[Function: mockThrow][39m,
        mockThrowOnce: [36m[Function: mockThrowOnce][39m,
        mockResolvedValue: [36m[Function: mockResolvedValue][39m,
        mockResolvedValueOnce: [36m[Function: mockResolvedValueOnce][39m,
        mockRejectedValue: [36m[Function: mockRejectedValue][39m,
        mockRejectedValueOnce: [36m[Function: mockRejectedValueOnce][39m,
        mockClear: [36m[Function: mockClear][39m,
        mockReset: [36m[Function: mockReset][39m,
        mockRestore: [36m[Function: mockRestore][39m,
        mockName: [36m[Function: mockName][39m,
        getMockName: [36m[Function: getMockName][39m,
        [32mSymbol(Symbol.dispose)[39m: [36m[Function (anonymous)][39m
        },
        init: [Function: Mock] {
        _isMockFunction: [33mtrue[39m,
        getMockImplementation: [36m[Function (anonymous)][39m,
        mock: {
        calls: [36m[Array][39m,
        contexts: [36m[Array][39m,
        instances: [36m[Array][39m,
        invocationCallOrder: [36m[Array][39m,
        settledResults: [36m[Array][39m,
        results: [36m[Array][39m,
        lastCall: [36m[Getter][39m
        },
        mockImplementation: [36m[Function: mockImplementation][39m,
        mockImplementationOnce: [36m[Function: mockImplementationOnce][39m,
        withImplementation: [36m[Function: withImplementation][39m,
        mockReturnThis: [36m[Function: mockReturnThis][39m,
        mockReturnValue: [36m[Function: mockReturnValue][39m,
        mockReturnValueOnce: [36m[Function: mockReturnValueOnce][39m,
        mockThrow: [36m[Function: mockThrow][39m,
        mockThrowOnce: [36m[Function: mockThrowOnce][39m,
        mockResolvedValue: [36m[Function: mockResolvedValue][39m,
        mockResolvedValueOnce: [36m[Function: mockResolvedValueOnce][39m,
        mockRejectedValue: [36m[Function: mockRejectedValue][39m,
        mockRejectedValueOnce: [36m[Function: mockRejectedValueOnce][39m,
        mockClear: [36m[Function: mockClear][39m,
        mockReset: [36m[Function: mockReset][39m,
        mockRestore: [36m[Function: mockRestore][39m,
        mockName: [36m[Function: mockName][39m,
        getMockName: [36m[Function: getMockName][39m,
        [32mSymbol(Symbol.dispose)[39m: [36m[Function (anonymous)][39m
        },
        isResolvable: [Function: Mock] {
        _isMockFunction: [33mtrue[39m,
        getMockImplementation: [36m[Function (anonymous)][39m,
        mock: {
        calls: [36m[Array][39m,
        contexts: [36m[Array][39m,
        instances: [36m[Array][39m,
        invocationCallOrder: [36m[Array][39m,
        settledResults: [36m[Array][39m,
        results: [36m[Array][39m,
        lastCall: [36m[Getter][39m
        },
        mockImplementation: [36m[Function: mockImplementation][39m,
        mockImplementationOnce: [36m[Function: mockImplementationOnce][39m,
        withImplementation: [36m[Function: withImplementation][39m,
        mockReturnThis: [36m[Function: mockReturnThis][39m,
        mockReturnValue: [36m[Function: mockReturnValue][39m,
        mockReturnValueOnce: [36m[Function: mockReturnValueOnce][39m,
        mockThrow: [36m[Function: mockThrow][39m,
        mockThrowOnce: [36m[Function: mockThrowOnce][39m,
        mockResolvedValue: [36m[Function: mockResolvedValue][39m,
        mockResolvedValueOnce: [36m[Function: mockResolvedValueOnce][39m,
        mockRejectedValue: [36m[Function: mockRejectedValue][39m,
        mockRejectedValueOnce: [36m[Function: mockRejectedValueOnce][39m,
        mockClear: [36m[Function: mockClear][39m,
        mockReset: [36m[Function: mockReset][39m,
        mockRestore: [36m[Function: mockRestore][39m,
        mockName: [36m[Function: mockName][39m,
        getMockName: [36m[Function: getMockName][39m,
        [32mSymbol(Symbol.dispose)[39m: [36m[Function (anonymous)][39m
        },
        settings: [
        { name: [32m&apos;ttl&apos;[39m, value: [33m60000[39m },
        { name: [32m&apos;apiKey&apos;[39m, value: [32m&apos;test-key&apos;[39m }
        ],
        items: [],
        data: { fresh: [33mtrue[39m }
        }

      </system-out>
    </testcase>
    <testcase classname="src/utils/__tests__/IndexedDBUtil.unit.ts"
              name="Database &gt; getEntity() &gt; calls Parser.getBestFit() on cache miss" time="0.000801583">
      <system-out>
        No valid entity found for value in db new-doi

        added entity {
        value: [32m&apos;new-doi&apos;[39m,
        getSettingsKey: [Function: Mock] {
        _isMockFunction: [33mtrue[39m,
        getMockImplementation: [36m[Function (anonymous)][39m,
        mock: {
        calls: [36m[Array][39m,
        contexts: [36m[Array][39m,
        instances: [36m[Array][39m,
        invocationCallOrder: [36m[Array][39m,
        settledResults: [36m[Array][39m,
        results: [36m[Array][39m,
        lastCall: [36m[Getter][39m
        },
        mockImplementation: [36m[Function: mockImplementation][39m,
        mockImplementationOnce: [36m[Function: mockImplementationOnce][39m,
        withImplementation: [36m[Function: withImplementation][39m,
        mockReturnThis: [36m[Function: mockReturnThis][39m,
        mockReturnValue: [36m[Function: mockReturnValue][39m,
        mockReturnValueOnce: [36m[Function: mockReturnValueOnce][39m,
        mockThrow: [36m[Function: mockThrow][39m,
        mockThrowOnce: [36m[Function: mockThrowOnce][39m,
        mockResolvedValue: [36m[Function: mockResolvedValue][39m,
        mockResolvedValueOnce: [36m[Function: mockResolvedValueOnce][39m,
        mockRejectedValue: [36m[Function: mockRejectedValue][39m,
        mockRejectedValueOnce: [36m[Function: mockRejectedValueOnce][39m,
        mockClear: [36m[Function: mockClear][39m,
        mockReset: [36m[Function: mockReset][39m,
        mockRestore: [36m[Function: mockRestore][39m,
        mockName: [36m[Function: mockName][39m,
        getMockName: [36m[Function: getMockName][39m,
        [32mSymbol(Symbol.dispose)[39m: [36m[Function (anonymous)][39m
        },
        init: [Function: Mock] {
        _isMockFunction: [33mtrue[39m,
        getMockImplementation: [36m[Function (anonymous)][39m,
        mock: {
        calls: [36m[Array][39m,
        contexts: [36m[Array][39m,
        instances: [36m[Array][39m,
        invocationCallOrder: [36m[Array][39m,
        settledResults: [36m[Array][39m,
        results: [36m[Array][39m,
        lastCall: [36m[Getter][39m
        },
        mockImplementation: [36m[Function: mockImplementation][39m,
        mockImplementationOnce: [36m[Function: mockImplementationOnce][39m,
        withImplementation: [36m[Function: withImplementation][39m,
        mockReturnThis: [36m[Function: mockReturnThis][39m,
        mockReturnValue: [36m[Function: mockReturnValue][39m,
        mockReturnValueOnce: [36m[Function: mockReturnValueOnce][39m,
        mockThrow: [36m[Function: mockThrow][39m,
        mockThrowOnce: [36m[Function: mockThrowOnce][39m,
        mockResolvedValue: [36m[Function: mockResolvedValue][39m,
        mockResolvedValueOnce: [36m[Function: mockResolvedValueOnce][39m,
        mockRejectedValue: [36m[Function: mockRejectedValue][39m,
        mockRejectedValueOnce: [36m[Function: mockRejectedValueOnce][39m,
        mockClear: [36m[Function: mockClear][39m,
        mockReset: [36m[Function: mockReset][39m,
        mockRestore: [36m[Function: mockRestore][39m,
        mockName: [36m[Function: mockName][39m,
        getMockName: [36m[Function: getMockName][39m,
        [32mSymbol(Symbol.dispose)[39m: [36m[Function (anonymous)][39m
        },
        isResolvable: [Function: Mock] {
        _isMockFunction: [33mtrue[39m,
        getMockImplementation: [36m[Function (anonymous)][39m,
        mock: {
        calls: [36m[Array][39m,
        contexts: [36m[Array][39m,
        instances: [36m[Array][39m,
        invocationCallOrder: [36m[Array][39m,
        settledResults: [36m[Array][39m,
        results: [36m[Array][39m,
        lastCall: [36m[Getter][39m
        },
        mockImplementation: [36m[Function: mockImplementation][39m,
        mockImplementationOnce: [36m[Function: mockImplementationOnce][39m,
        withImplementation: [36m[Function: withImplementation][39m,
        mockReturnThis: [36m[Function: mockReturnThis][39m,
        mockReturnValue: [36m[Function: mockReturnValue][39m,
        mockReturnValueOnce: [36m[Function: mockReturnValueOnce][39m,
        mockThrow: [36m[Function: mockThrow][39m,
        mockThrowOnce: [36m[Function: mockThrowOnce][39m,
        mockResolvedValue: [36m[Function: mockResolvedValue][39m,
        mockResolvedValueOnce: [36m[Function: mockResolvedValueOnce][39m,
        mockRejectedValue: [36m[Function: mockRejectedValue][39m,
        mockRejectedValueOnce: [36m[Function: mockRejectedValueOnce][39m,
        mockClear: [36m[Function: mockClear][39m,
        mockReset: [36m[Function: mockReset][39m,
        mockRestore: [36m[Function: mockRestore][39m,
        mockName: [36m[Function: mockName][39m,
        getMockName: [36m[Function: getMockName][39m,
        [32mSymbol(Symbol.dispose)[39m: [36m[Function (anonymous)][39m
        },
        settings: [
        { name: [32m&apos;ttl&apos;[39m, value: [33m60000[39m },
        { name: [32m&apos;apiKey&apos;[39m, value: [32m&apos;test-key&apos;[39m }
        ],
        items: [],
        data: {}
        }

        added relations [ Promise { [90mundefined[39m } ]

        added entity to db new-doi {
        value: [32m&apos;new-doi&apos;[39m,
        getSettingsKey: [Function: Mock] {
        _isMockFunction: [33mtrue[39m,
        getMockImplementation: [36m[Function (anonymous)][39m,
        mock: {
        calls: [36m[Array][39m,
        contexts: [36m[Array][39m,
        instances: [36m[Array][39m,
        invocationCallOrder: [36m[Array][39m,
        settledResults: [36m[Array][39m,
        results: [36m[Array][39m,
        lastCall: [36m[Getter][39m
        },
        mockImplementation: [36m[Function: mockImplementation][39m,
        mockImplementationOnce: [36m[Function: mockImplementationOnce][39m,
        withImplementation: [36m[Function: withImplementation][39m,
        mockReturnThis: [36m[Function: mockReturnThis][39m,
        mockReturnValue: [36m[Function: mockReturnValue][39m,
        mockReturnValueOnce: [36m[Function: mockReturnValueOnce][39m,
        mockThrow: [36m[Function: mockThrow][39m,
        mockThrowOnce: [36m[Function: mockThrowOnce][39m,
        mockResolvedValue: [36m[Function: mockResolvedValue][39m,
        mockResolvedValueOnce: [36m[Function: mockResolvedValueOnce][39m,
        mockRejectedValue: [36m[Function: mockRejectedValue][39m,
        mockRejectedValueOnce: [36m[Function: mockRejectedValueOnce][39m,
        mockClear: [36m[Function: mockClear][39m,
        mockReset: [36m[Function: mockReset][39m,
        mockRestore: [36m[Function: mockRestore][39m,
        mockName: [36m[Function: mockName][39m,
        getMockName: [36m[Function: getMockName][39m,
        [32mSymbol(Symbol.dispose)[39m: [36m[Function (anonymous)][39m
        },
        init: [Function: Mock] {
        _isMockFunction: [33mtrue[39m,
        getMockImplementation: [36m[Function (anonymous)][39m,
        mock: {
        calls: [36m[Array][39m,
        contexts: [36m[Array][39m,
        instances: [36m[Array][39m,
        invocationCallOrder: [36m[Array][39m,
        settledResults: [36m[Array][39m,
        results: [36m[Array][39m,
        lastCall: [36m[Getter][39m
        },
        mockImplementation: [36m[Function: mockImplementation][39m,
        mockImplementationOnce: [36m[Function: mockImplementationOnce][39m,
        withImplementation: [36m[Function: withImplementation][39m,
        mockReturnThis: [36m[Function: mockReturnThis][39m,
        mockReturnValue: [36m[Function: mockReturnValue][39m,
        mockReturnValueOnce: [36m[Function: mockReturnValueOnce][39m,
        mockThrow: [36m[Function: mockThrow][39m,
        mockThrowOnce: [36m[Function: mockThrowOnce][39m,
        mockResolvedValue: [36m[Function: mockResolvedValue][39m,
        mockResolvedValueOnce: [36m[Function: mockResolvedValueOnce][39m,
        mockRejectedValue: [36m[Function: mockRejectedValue][39m,
        mockRejectedValueOnce: [36m[Function: mockRejectedValueOnce][39m,
        mockClear: [36m[Function: mockClear][39m,
        mockReset: [36m[Function: mockReset][39m,
        mockRestore: [36m[Function: mockRestore][39m,
        mockName: [36m[Function: mockName][39m,
        getMockName: [36m[Function: getMockName][39m,
        [32mSymbol(Symbol.dispose)[39m: [36m[Function (anonymous)][39m
        },
        isResolvable: [Function: Mock] {
        _isMockFunction: [33mtrue[39m,
        getMockImplementation: [36m[Function (anonymous)][39m,
        mock: {
        calls: [36m[Array][39m,
        contexts: [36m[Array][39m,
        instances: [36m[Array][39m,
        invocationCallOrder: [36m[Array][39m,
        settledResults: [36m[Array][39m,
        results: [36m[Array][39m,
        lastCall: [36m[Getter][39m
        },
        mockImplementation: [36m[Function: mockImplementation][39m,
        mockImplementationOnce: [36m[Function: mockImplementationOnce][39m,
        withImplementation: [36m[Function: withImplementation][39m,
        mockReturnThis: [36m[Function: mockReturnThis][39m,
        mockReturnValue: [36m[Function: mockReturnValue][39m,
        mockReturnValueOnce: [36m[Function: mockReturnValueOnce][39m,
        mockThrow: [36m[Function: mockThrow][39m,
        mockThrowOnce: [36m[Function: mockThrowOnce][39m,
        mockResolvedValue: [36m[Function: mockResolvedValue][39m,
        mockResolvedValueOnce: [36m[Function: mockResolvedValueOnce][39m,
        mockRejectedValue: [36m[Function: mockRejectedValue][39m,
        mockRejectedValueOnce: [36m[Function: mockRejectedValueOnce][39m,
        mockClear: [36m[Function: mockClear][39m,
        mockReset: [36m[Function: mockReset][39m,
        mockRestore: [36m[Function: mockRestore][39m,
        mockName: [36m[Function: mockName][39m,
        getMockName: [36m[Function: getMockName][39m,
        [32mSymbol(Symbol.dispose)[39m: [36m[Function (anonymous)][39m
        },
        settings: [
        { name: [32m&apos;ttl&apos;[39m, value: [33m60000[39m },
        { name: [32m&apos;apiKey&apos;[39m, value: [32m&apos;test-key&apos;[39m }
        ],
        items: [],
        data: {}
        }

      </system-out>
    </testcase>
    <testcase classname="src/utils/__tests__/IndexedDBUtil.unit.ts"
              name="Database &gt; getEntity() &gt; only stores entity when isResolvable() returns true"
              time="0.000521041">
      <system-out>
        No valid entity found for value in db doi-resolvable

        added entity {
        value: [32m&apos;doi-resolvable&apos;[39m,
        getSettingsKey: [Function: Mock] {
        _isMockFunction: [33mtrue[39m,
        getMockImplementation: [36m[Function (anonymous)][39m,
        mock: {
        calls: [36m[Array][39m,
        contexts: [36m[Array][39m,
        instances: [36m[Array][39m,
        invocationCallOrder: [36m[Array][39m,
        settledResults: [36m[Array][39m,
        results: [36m[Array][39m,
        lastCall: [36m[Getter][39m
        },
        mockImplementation: [36m[Function: mockImplementation][39m,
        mockImplementationOnce: [36m[Function: mockImplementationOnce][39m,
        withImplementation: [36m[Function: withImplementation][39m,
        mockReturnThis: [36m[Function: mockReturnThis][39m,
        mockReturnValue: [36m[Function: mockReturnValue][39m,
        mockReturnValueOnce: [36m[Function: mockReturnValueOnce][39m,
        mockThrow: [36m[Function: mockThrow][39m,
        mockThrowOnce: [36m[Function: mockThrowOnce][39m,
        mockResolvedValue: [36m[Function: mockResolvedValue][39m,
        mockResolvedValueOnce: [36m[Function: mockResolvedValueOnce][39m,
        mockRejectedValue: [36m[Function: mockRejectedValue][39m,
        mockRejectedValueOnce: [36m[Function: mockRejectedValueOnce][39m,
        mockClear: [36m[Function: mockClear][39m,
        mockReset: [36m[Function: mockReset][39m,
        mockRestore: [36m[Function: mockRestore][39m,
        mockName: [36m[Function: mockName][39m,
        getMockName: [36m[Function: getMockName][39m,
        [32mSymbol(Symbol.dispose)[39m: [36m[Function (anonymous)][39m
        },
        init: [Function: Mock] {
        _isMockFunction: [33mtrue[39m,
        getMockImplementation: [36m[Function (anonymous)][39m,
        mock: {
        calls: [36m[Array][39m,
        contexts: [36m[Array][39m,
        instances: [36m[Array][39m,
        invocationCallOrder: [36m[Array][39m,
        settledResults: [36m[Array][39m,
        results: [36m[Array][39m,
        lastCall: [36m[Getter][39m
        },
        mockImplementation: [36m[Function: mockImplementation][39m,
        mockImplementationOnce: [36m[Function: mockImplementationOnce][39m,
        withImplementation: [36m[Function: withImplementation][39m,
        mockReturnThis: [36m[Function: mockReturnThis][39m,
        mockReturnValue: [36m[Function: mockReturnValue][39m,
        mockReturnValueOnce: [36m[Function: mockReturnValueOnce][39m,
        mockThrow: [36m[Function: mockThrow][39m,
        mockThrowOnce: [36m[Function: mockThrowOnce][39m,
        mockResolvedValue: [36m[Function: mockResolvedValue][39m,
        mockResolvedValueOnce: [36m[Function: mockResolvedValueOnce][39m,
        mockRejectedValue: [36m[Function: mockRejectedValue][39m,
        mockRejectedValueOnce: [36m[Function: mockRejectedValueOnce][39m,
        mockClear: [36m[Function: mockClear][39m,
        mockReset: [36m[Function: mockReset][39m,
        mockRestore: [36m[Function: mockRestore][39m,
        mockName: [36m[Function: mockName][39m,
        getMockName: [36m[Function: getMockName][39m,
        [32mSymbol(Symbol.dispose)[39m: [36m[Function (anonymous)][39m
        },
        isResolvable: [Function: Mock] {
        _isMockFunction: [33mtrue[39m,
        getMockImplementation: [36m[Function (anonymous)][39m,
        mock: {
        calls: [36m[Array][39m,
        contexts: [36m[Array][39m,
        instances: [36m[Array][39m,
        invocationCallOrder: [36m[Array][39m,
        settledResults: [36m[Array][39m,
        results: [36m[Array][39m,
        lastCall: [36m[Getter][39m
        },
        mockImplementation: [36m[Function: mockImplementation][39m,
        mockImplementationOnce: [36m[Function: mockImplementationOnce][39m,
        withImplementation: [36m[Function: withImplementation][39m,
        mockReturnThis: [36m[Function: mockReturnThis][39m,
        mockReturnValue: [36m[Function: mockReturnValue][39m,
        mockReturnValueOnce: [36m[Function: mockReturnValueOnce][39m,
        mockThrow: [36m[Function: mockThrow][39m,
        mockThrowOnce: [36m[Function: mockThrowOnce][39m,
        mockResolvedValue: [36m[Function: mockResolvedValue][39m,
        mockResolvedValueOnce: [36m[Function: mockResolvedValueOnce][39m,
        mockRejectedValue: [36m[Function: mockRejectedValue][39m,
        mockRejectedValueOnce: [36m[Function: mockRejectedValueOnce][39m,
        mockClear: [36m[Function: mockClear][39m,
        mockReset: [36m[Function: mockReset][39m,
        mockRestore: [36m[Function: mockRestore][39m,
        mockName: [36m[Function: mockName][39m,
        getMockName: [36m[Function: getMockName][39m,
        [32mSymbol(Symbol.dispose)[39m: [36m[Function (anonymous)][39m
        },
        settings: [ { name: [32m&apos;apiKey&apos;[39m, value: [32m&apos;test-key&apos;[39m } ],
        items: [],
        data: {}
        }

        added relations [ Promise { [90mundefined[39m } ]

        added entity to db doi-resolvable {
        value: [32m&apos;doi-resolvable&apos;[39m,
        getSettingsKey: [Function: Mock] {
        _isMockFunction: [33mtrue[39m,
        getMockImplementation: [36m[Function (anonymous)][39m,
        mock: {
        calls: [36m[Array][39m,
        contexts: [36m[Array][39m,
        instances: [36m[Array][39m,
        invocationCallOrder: [36m[Array][39m,
        settledResults: [36m[Array][39m,
        results: [36m[Array][39m,
        lastCall: [36m[Getter][39m
        },
        mockImplementation: [36m[Function: mockImplementation][39m,
        mockImplementationOnce: [36m[Function: mockImplementationOnce][39m,
        withImplementation: [36m[Function: withImplementation][39m,
        mockReturnThis: [36m[Function: mockReturnThis][39m,
        mockReturnValue: [36m[Function: mockReturnValue][39m,
        mockReturnValueOnce: [36m[Function: mockReturnValueOnce][39m,
        mockThrow: [36m[Function: mockThrow][39m,
        mockThrowOnce: [36m[Function: mockThrowOnce][39m,
        mockResolvedValue: [36m[Function: mockResolvedValue][39m,
        mockResolvedValueOnce: [36m[Function: mockResolvedValueOnce][39m,
        mockRejectedValue: [36m[Function: mockRejectedValue][39m,
        mockRejectedValueOnce: [36m[Function: mockRejectedValueOnce][39m,
        mockClear: [36m[Function: mockClear][39m,
        mockReset: [36m[Function: mockReset][39m,
        mockRestore: [36m[Function: mockRestore][39m,
        mockName: [36m[Function: mockName][39m,
        getMockName: [36m[Function: getMockName][39m,
        [32mSymbol(Symbol.dispose)[39m: [36m[Function (anonymous)][39m
        },
        init: [Function: Mock] {
        _isMockFunction: [33mtrue[39m,
        getMockImplementation: [36m[Function (anonymous)][39m,
        mock: {
        calls: [36m[Array][39m,
        contexts: [36m[Array][39m,
        instances: [36m[Array][39m,
        invocationCallOrder: [36m[Array][39m,
        settledResults: [36m[Array][39m,
        results: [36m[Array][39m,
        lastCall: [36m[Getter][39m
        },
        mockImplementation: [36m[Function: mockImplementation][39m,
        mockImplementationOnce: [36m[Function: mockImplementationOnce][39m,
        withImplementation: [36m[Function: withImplementation][39m,
        mockReturnThis: [36m[Function: mockReturnThis][39m,
        mockReturnValue: [36m[Function: mockReturnValue][39m,
        mockReturnValueOnce: [36m[Function: mockReturnValueOnce][39m,
        mockThrow: [36m[Function: mockThrow][39m,
        mockThrowOnce: [36m[Function: mockThrowOnce][39m,
        mockResolvedValue: [36m[Function: mockResolvedValue][39m,
        mockResolvedValueOnce: [36m[Function: mockResolvedValueOnce][39m,
        mockRejectedValue: [36m[Function: mockRejectedValue][39m,
        mockRejectedValueOnce: [36m[Function: mockRejectedValueOnce][39m,
        mockClear: [36m[Function: mockClear][39m,
        mockReset: [36m[Function: mockReset][39m,
        mockRestore: [36m[Function: mockRestore][39m,
        mockName: [36m[Function: mockName][39m,
        getMockName: [36m[Function: getMockName][39m,
        [32mSymbol(Symbol.dispose)[39m: [36m[Function (anonymous)][39m
        },
        isResolvable: [Function: Mock] {
        _isMockFunction: [33mtrue[39m,
        getMockImplementation: [36m[Function (anonymous)][39m,
        mock: {
        calls: [36m[Array][39m,
        contexts: [36m[Array][39m,
        instances: [36m[Array][39m,
        invocationCallOrder: [36m[Array][39m,
        settledResults: [36m[Array][39m,
        results: [36m[Array][39m,
        lastCall: [36m[Getter][39m
        },
        mockImplementation: [36m[Function: mockImplementation][39m,
        mockImplementationOnce: [36m[Function: mockImplementationOnce][39m,
        withImplementation: [36m[Function: withImplementation][39m,
        mockReturnThis: [36m[Function: mockReturnThis][39m,
        mockReturnValue: [36m[Function: mockReturnValue][39m,
        mockReturnValueOnce: [36m[Function: mockReturnValueOnce][39m,
        mockThrow: [36m[Function: mockThrow][39m,
        mockThrowOnce: [36m[Function: mockThrowOnce][39m,
        mockResolvedValue: [36m[Function: mockResolvedValue][39m,
        mockResolvedValueOnce: [36m[Function: mockResolvedValueOnce][39m,
        mockRejectedValue: [36m[Function: mockRejectedValue][39m,
        mockRejectedValueOnce: [36m[Function: mockRejectedValueOnce][39m,
        mockClear: [36m[Function: mockClear][39m,
        mockReset: [36m[Function: mockReset][39m,
        mockRestore: [36m[Function: mockRestore][39m,
        mockName: [36m[Function: mockName][39m,
        getMockName: [36m[Function: getMockName][39m,
        [32mSymbol(Symbol.dispose)[39m: [36m[Function (anonymous)][39m
        },
        settings: [ { name: [32m&apos;apiKey&apos;[39m, value: [32m&apos;test-key&apos;[39m } ],
        items: [],
        data: {}
        }

      </system-out>
    </testcase>
    <testcase classname="src/utils/__tests__/IndexedDBUtil.unit.ts"
              name="Database &gt; getEntity() &gt; does NOT store when isResolvable() returns false" time="0.000242167">
      <system-out>
        No valid entity found for value in db doi-unresolvable

        renderer not resolvable, skipping IndexedDB cache doi-unresolvable DOIType

      </system-out>
    </testcase>
    <testcase classname="src/utils/__tests__/IndexedDBUtil.unit.ts"
              name="Database &gt; getEntity() &gt; returns null when Parser returns null" time="0.000158167">
      <system-out>
        No valid entity found for value in db unknown

        No renderer matched for value unknown

      </system-out>
    </testcase>
    <testcase classname="src/utils/__tests__/IndexedDBUtil.unit.ts"
              name="Database &gt; getEntity() &gt; with orderedRendererKeys invalidates cache for wrong renderer"
              time="0.000787959">
      <system-out>
        Ordered renderer keys changed or cached renderer not in ordered list, re-detecting {
        cached: [1mnull[22m,
        current: [ [32m&apos;ORCIDType&apos;[39m ],
        cachedRendererKey: [32m&apos;DOIType&apos;[39m,
        currentAllowedKeys: [ [32m&apos;ORCIDType&apos;[39m ]
        }

        deleted entity test-doi

        No valid entity found for value in db test-doi

        added entity {
        value: [32m&apos;test-doi&apos;[39m,
        getSettingsKey: [Function: Mock] {
        _isMockFunction: [33mtrue[39m,
        getMockImplementation: [36m[Function (anonymous)][39m,
        mock: {
        calls: [36m[Array][39m,
        contexts: [36m[Array][39m,
        instances: [36m[Array][39m,
        invocationCallOrder: [36m[Array][39m,
        settledResults: [36m[Array][39m,
        results: [36m[Array][39m,
        lastCall: [36m[Getter][39m
        },
        mockImplementation: [36m[Function: mockImplementation][39m,
        mockImplementationOnce: [36m[Function: mockImplementationOnce][39m,
        withImplementation: [36m[Function: withImplementation][39m,
        mockReturnThis: [36m[Function: mockReturnThis][39m,
        mockReturnValue: [36m[Function: mockReturnValue][39m,
        mockReturnValueOnce: [36m[Function: mockReturnValueOnce][39m,
        mockThrow: [36m[Function: mockThrow][39m,
        mockThrowOnce: [36m[Function: mockThrowOnce][39m,
        mockResolvedValue: [36m[Function: mockResolvedValue][39m,
        mockResolvedValueOnce: [36m[Function: mockResolvedValueOnce][39m,
        mockRejectedValue: [36m[Function: mockRejectedValue][39m,
        mockRejectedValueOnce: [36m[Function: mockRejectedValueOnce][39m,
        mockClear: [36m[Function: mockClear][39m,
        mockReset: [36m[Function: mockReset][39m,
        mockRestore: [36m[Function: mockRestore][39m,
        mockName: [36m[Function: mockName][39m,
        getMockName: [36m[Function: getMockName][39m,
        [32mSymbol(Symbol.dispose)[39m: [36m[Function (anonymous)][39m
        },
        init: [Function: Mock] {
        _isMockFunction: [33mtrue[39m,
        getMockImplementation: [36m[Function (anonymous)][39m,
        mock: {
        calls: [36m[Array][39m,
        contexts: [36m[Array][39m,
        instances: [36m[Array][39m,
        invocationCallOrder: [36m[Array][39m,
        settledResults: [36m[Array][39m,
        results: [36m[Array][39m,
        lastCall: [36m[Getter][39m
        },
        mockImplementation: [36m[Function: mockImplementation][39m,
        mockImplementationOnce: [36m[Function: mockImplementationOnce][39m,
        withImplementation: [36m[Function: withImplementation][39m,
        mockReturnThis: [36m[Function: mockReturnThis][39m,
        mockReturnValue: [36m[Function: mockReturnValue][39m,
        mockReturnValueOnce: [36m[Function: mockReturnValueOnce][39m,
        mockThrow: [36m[Function: mockThrow][39m,
        mockThrowOnce: [36m[Function: mockThrowOnce][39m,
[...]
        TTL not expired or undefined 5666
      </system-out>
    </testcase>
    <testcase classname="src/components/pid-component/__tests__/pid-component.test.tsx"
              name="pid-component CSS classes &gt; dark mode host has correct classes" time="0.535">
      <system-out>
        Found entity for value in db {
        &quot;context&quot;: &quot;http://localhost:63315/?sessionId=8f8977b3-dc7e-4185-88f9-c6157a955b44&amp;iframeId=/Users/maximilian/GitHub/pid-component/packages/stencil-library/src/components/pid-component/__tests__/pid-component.test.tsx&quot;,
        &quot;lastAccess&quot;: 2026-05-11T20:06:04.766Z,
        &quot;lastData&quot;: undefined,
        &quot;orderedRendererKeys&quot;: null,
        &quot;rendererKey&quot;: &quot;FallbackType&quot;,
        &quot;value&quot;: &quot;test-value&quot;,
        } test-value
        TTL not expired or undefined 5711
      </system-out>
    </testcase>
    <testcase classname="src/components/pid-component/__tests__/pid-component.test.tsx"
              name="pid-component CSS classes &gt; light mode host has correct classes" time="0.549">
      <system-out>
        Found entity for value in db {
        &quot;context&quot;: &quot;http://localhost:63315/?sessionId=8f8977b3-dc7e-4185-88f9-c6157a955b44&amp;iframeId=/Users/maximilian/GitHub/pid-component/packages/stencil-library/src/components/pid-component/__tests__/pid-component.test.tsx&quot;,
        &quot;lastAccess&quot;: 2026-05-11T20:06:04.766Z,
        &quot;lastData&quot;: undefined,
        &quot;orderedRendererKeys&quot;: null,
        &quot;rendererKey&quot;: &quot;FallbackType&quot;,
        &quot;value&quot;: &quot;test-value&quot;,
        } test-value
        TTL not expired or undefined 6249
      </system-out>
    </testcase>
    <testcase classname="src/components/pid-component/__tests__/pid-component.test.tsx"
              name="pid-component CSS classes &gt; emphasized component shows border and shadow classes in preview"
              time="0.582">
      <system-out>
        Found entity for value in db {
        &quot;context&quot;: &quot;http://localhost:63315/?sessionId=8f8977b3-dc7e-4185-88f9-c6157a955b44&amp;iframeId=/Users/maximilian/GitHub/pid-component/packages/stencil-library/src/components/pid-component/__tests__/pid-component.test.tsx&quot;,
        &quot;lastAccess&quot;: 2026-05-11T20:06:04.766Z,
        &quot;lastData&quot;: undefined,
        &quot;orderedRendererKeys&quot;: null,
        &quot;rendererKey&quot;: &quot;FallbackType&quot;,
        &quot;value&quot;: &quot;test-value&quot;,
        } test-value
        TTL not expired or undefined 6799
      </system-out>
    </testcase>
    <testcase classname="src/components/pid-component/__tests__/pid-component.test.tsx"
              name="pid-component CSS classes &gt; non-emphasized component does not show emphasis classes in preview"
              time="0.567">
      <system-out>
        Found entity for value in db {
        &quot;context&quot;: &quot;http://localhost:63315/?sessionId=8f8977b3-dc7e-4185-88f9-c6157a955b44&amp;iframeId=/Users/maximilian/GitHub/pid-component/packages/stencil-library/src/components/pid-component/__tests__/pid-component.test.tsx&quot;,
        &quot;lastAccess&quot;: 2026-05-11T20:06:04.766Z,
        &quot;lastData&quot;: undefined,
        &quot;orderedRendererKeys&quot;: null,
        &quot;rendererKey&quot;: &quot;FallbackType&quot;,
        &quot;value&quot;: &quot;test-value&quot;,
        } test-value
        TTL not expired or undefined 7374
      </system-out>
    </testcase>
    <testcase classname="src/components/pid-component/__tests__/pid-component.test.tsx"
              name="pid-component CSS classes &gt; expanded attribute is added/removed on toggle" time="1.101">
      <system-out>
        Found entity for value in db {
        &quot;context&quot;: &quot;http://localhost:63315/?sessionId=8f8977b3-dc7e-4185-88f9-c6157a955b44&amp;iframeId=/Users/maximilian/GitHub/pid-component/packages/stencil-library/src/components/pid-component/__tests__/pid-component.test.tsx&quot;,
        &quot;lastAccess&quot;: 2026-05-11T20:06:04.766Z,
        &quot;lastData&quot;: undefined,
        &quot;orderedRendererKeys&quot;: null,
        &quot;rendererKey&quot;: &quot;FallbackType&quot;,
        &quot;value&quot;: &quot;test-value&quot;,
        } test-value
        TTL not expired or undefined 7942
      </system-out>
    </testcase>
    <testcase classname="src/components/pid-component/__tests__/pid-component.test.tsx"
              name="pid-component CSS classes &gt; width and height are applied to host element" time="0.031">
      <system-out>
        Found entity for value in db {
        &quot;context&quot;: &quot;http://localhost:63315/?sessionId=8f8977b3-dc7e-4185-88f9-c6157a955b44&amp;iframeId=/Users/maximilian/GitHub/pid-component/packages/stencil-library/src/components/pid-component/__tests__/pid-component.test.tsx&quot;,
        &quot;lastAccess&quot;: 2026-05-11T20:06:04.766Z,
        &quot;lastData&quot;: undefined,
        &quot;orderedRendererKeys&quot;: null,
        &quot;rendererKey&quot;: &quot;FallbackType&quot;,
        &quot;value&quot;: &quot;test-value&quot;,
        } test-value
        TTL not expired or undefined 9046
      </system-out>
    </testcase>
    <testcase classname="src/components/pid-component/__tests__/pid-component.test.tsx"
              name="pid-component CSS classes &gt; has cursor-pointer class on preview element when interactive"
              time="0.567">
      <system-out>
        Found entity for value in db {
        &quot;context&quot;: &quot;http://localhost:63315/?sessionId=8f8977b3-dc7e-4185-88f9-c6157a955b44&amp;iframeId=/Users/maximilian/GitHub/pid-component/packages/stencil-library/src/components/pid-component/__tests__/pid-component.test.tsx&quot;,
        &quot;lastAccess&quot;: 2026-05-11T20:06:04.766Z,
        &quot;lastData&quot;: undefined,
        &quot;orderedRendererKeys&quot;: null,
        &quot;rendererKey&quot;: &quot;FallbackType&quot;,
        &quot;value&quot;: &quot;test-value&quot;,
        } test-value
        TTL not expired or undefined 9075
      </system-out>
    </testcase>
    <testcase classname="src/components/pid-component/__tests__/pid-component.test.tsx"
              name="pid-component CSS classes &gt; system dark mode uses correct classes" time="0.549">
      <system-out>
        Found entity for value in db {
        &quot;context&quot;: &quot;http://localhost:63315/?sessionId=8f8977b3-dc7e-4185-88f9-c6157a955b44&amp;iframeId=/Users/maximilian/GitHub/pid-component/packages/stencil-library/src/components/pid-component/__tests__/pid-component.test.tsx&quot;,
        &quot;lastAccess&quot;: 2026-05-11T20:06:04.766Z,
        &quot;lastData&quot;: undefined,
        &quot;orderedRendererKeys&quot;: null,
        &quot;rendererKey&quot;: &quot;FallbackType&quot;,
        &quot;value&quot;: &quot;test-value&quot;,
        } test-value
        TTL not expired or undefined 9647
      </system-out>
    </testcase>
    <testcase classname="src/components/pid-component/__tests__/pid-component.test.tsx"
              name="pid-component CSS classes &gt; showsInlineFlex class pattern in preview when expanded" time="0.583">
      <system-out>
        No valid entity found for value in db 10.5281/zenodo.1234567
        {
        &quot;handle&quot;: &quot;10.5281/zenodo.1234567&quot;,
        &quot;responseCode&quot;: 100,
        }
        CrossRef works error: 404
        CrossRef funders error: 404
      </system-out>
      <system-err>
        Failed to get entity from db [TypeError: undefined is not an object (evaluating &apos;rawJson.values.map&apos;)]
      </system-err>
    </testcase>
    <testcase classname="src/components/pid-component/__tests__/pid-component.test.tsx"
              name="pid-component CSS classes &gt; overflow-hidden class in collapsed preview" time="0.583">
      <system-out>
        Found entity for value in db {
        &quot;context&quot;: &quot;http://localhost:63315/?sessionId=8f8977b3-dc7e-4185-88f9-c6157a955b44&amp;iframeId=/Users/maximilian/GitHub/pid-component/packages/stencil-library/src/components/pid-component/__tests__/pid-component.test.tsx&quot;,
        &quot;lastAccess&quot;: 2026-05-11T20:06:04.766Z,
        &quot;lastData&quot;: undefined,
        &quot;orderedRendererKeys&quot;: null,
        &quot;rendererKey&quot;: &quot;FallbackType&quot;,
        &quot;value&quot;: &quot;test-value&quot;,
        } test-value
        TTL not expired or undefined 10777
      </system-out>
    </testcase>
  </testsuite>
  <testsuite name="src/components/pid-pagination/__tests__/pid-pagination.test.tsx" timestamp="2026-05-11T20:06:16.639Z"
             hostname="Ms-MacBook-Air.fritz.box" tests="14" failures="0" errors="0" skipped="0" time="1.631">
    <testcase classname="src/components/pid-pagination/__tests__/pid-pagination.test.tsx"
              name="pid-pagination e2e &gt; renders and gets hydrated class" time="0.42">
    </testcase>
    <testcase classname="src/components/pid-pagination/__tests__/pid-pagination.test.tsx"
              name="pid-pagination e2e &gt; renders with required props" time="0.065">
    </testcase>
    <testcase classname="src/components/pid-pagination/__tests__/pid-pagination.test.tsx"
              name="pid-pagination e2e &gt; has role=&quot;navigation&quot; for accessibility" time="0.066">
    </testcase>
    <testcase classname="src/components/pid-pagination/__tests__/pid-pagination.test.tsx"
              name="pid-pagination e2e &gt; shows correct number of page buttons" time="0.066">
    </testcase>
    <testcase classname="src/components/pid-pagination/__tests__/pid-pagination.test.tsx"
              name="pid-pagination e2e &gt; has navigation buttons (prev/next)" time="0.066">
    </testcase>
    <testcase classname="src/components/pid-pagination/__tests__/pid-pagination.test.tsx"
              name="pid-pagination e2e &gt; previous button is disabled on first page" time="0.067">
    </testcase>
    <testcase classname="src/components/pid-pagination/__tests__/pid-pagination.test.tsx"
              name="pid-pagination e2e &gt; next button is disabled on last page" time="0.065">
    </testcase>
    <testcase classname="src/components/pid-pagination/__tests__/pid-pagination.test.tsx"
              name="pid-pagination e2e &gt; emits pageChange event when clicking next" time="0.1">
    </testcase>
    <testcase classname="src/components/pid-pagination/__tests__/pid-pagination.test.tsx"
              name="pid-pagination e2e &gt; current page button has aria-current=&quot;page&quot;" time="0.068">
    </testcase>
    <testcase classname="src/components/pid-pagination/__tests__/pid-pagination.test.tsx"
              name="pid-pagination e2e &gt; shows items per page control by default" time="0.065">
    </testcase>
    <testcase classname="src/components/pid-pagination/__tests__/pid-pagination.test.tsx"
              name="pid-pagination e2e &gt; emits itemsPerPageChange event when changing page size" time="0.102">
    </testcase>
    <testcase classname="src/components/pid-pagination/__tests__/pid-pagination.test.tsx"
              name="pid-pagination e2e &gt; does not render when totalItems is 0" time="0.066">
    </testcase>
    <testcase classname="src/components/pid-pagination/__tests__/pid-pagination.test.tsx"
              name="pid-pagination e2e &gt; does not show pagination nav when items fit on one page" time="0.067">
    </testcase>
    <testcase classname="src/components/pid-pagination/__tests__/pid-pagination.test.tsx"
              name="pid-pagination e2e &gt; shows display range text" time="0.066">
    </testcase>
  </testsuite>
  <testsuite name="src/components/copy-button/__tests__/copy-button.test.tsx" timestamp="2026-05-11T20:06:16.640Z"
             hostname="Ms-MacBook-Air.fritz.box" tests="26" failures="0" errors="0" skipped="0" time="3.267">
    <testcase classname="src/components/copy-button/__tests__/copy-button.test.tsx"
              name="copy-button browser test &gt; renders copy-button with value prop" time="0.398">
    </testcase>
    <testcase classname="src/components/copy-button/__tests__/copy-button.test.tsx"
              name="copy-button browser test &gt; sets the value prop correctly" time="0.031">
    </testcase>
    <testcase classname="src/components/copy-button/__tests__/copy-button.test.tsx"
              name="copy-button browser test &gt; renders with optional label prop" time="0.031">
    </testcase>
    <testcase classname="src/components/copy-button/__tests__/copy-button.test.tsx"
              name="copy-button browser test &gt; has a button element" time="0.035">
    </testcase>
    <testcase classname="src/components/copy-button/__tests__/copy-button.test.tsx"
              name="copy-button browser test &gt; button has correct aria-label when no label prop is provided"
              time="0.031">
    </testcase>
    <testcase classname="src/components/copy-button/__tests__/copy-button.test.tsx"
              name="copy-button browser test &gt; button has correct aria-label when label prop is provided"
              time="0.034">
    </testcase>
    <testcase classname="src/components/copy-button/__tests__/copy-button.test.tsx"
              name="copy-button browser test &gt; renders &quot;Copy&quot; as default button text" time="0.034">
    </testcase>
    <testcase classname="src/components/copy-button/__tests__/copy-button.test.tsx"
              name="copy-button browser test &gt; shows success state after copyValue is called" time="0.067">
    </testcase>
    <testcase classname="src/components/copy-button/__tests__/copy-button.test.tsx"
              name="copy-button browser test &gt; button has correct CSS classes for default state" time="0.031">
    </testcase>
    <testcase classname="src/components/copy-button/__tests__/copy-button.test.tsx"
              name="copy-button browser test &gt; host has inline-block class" time="0.034">
    </testcase>
    <testcase classname="src/components/copy-button/__tests__/copy-button.test.tsx"
              name="pid-actions browser test &gt; renders with actions prop" time="1.134">
    </testcase>
    <testcase classname="src/components/copy-button/__tests__/copy-button.test.tsx"
              name="pid-actions browser test &gt; renders empty when no actions" time="0.034">
    </testcase>
    <testcase classname="src/components/copy-button/__tests__/copy-button.test.tsx"
              name="pid-actions browser test &gt; shows action links" time="0.065">
    </testcase>
    <testcase classname="src/components/copy-button/__tests__/copy-button.test.tsx"
              name="pid-actions browser test &gt; all action links open in new tab" time="0.068">
    </testcase>
    <testcase classname="src/components/copy-button/__tests__/copy-button.test.tsx"
              name="pid-actions browser test &gt; primary style applies blue CSS classes in light mode" time="0.067">
    </testcase>
    <testcase classname="src/components/copy-button/__tests__/copy-button.test.tsx"
              name="pid-actions browser test &gt; action links have correct aria-label" time="0.067">
    </testcase>
    <testcase classname="src/components/copy-button/__tests__/copy-button.test.tsx"
              name="pid-actions browser test &gt; container has toolbar role" time="0.065">
    </testcase>
    <testcase classname="src/components/copy-button/__tests__/copy-button.test.tsx"
              name="pid-tooltip browser test &gt; renders with text prop" time="0.049">
    </testcase>
    <testcase classname="src/components/copy-button/__tests__/copy-button.test.tsx"
              name="pid-tooltip browser test &gt; sets the text prop correctly" time="0.036">
    </testcase>
    <testcase classname="src/components/copy-button/__tests__/copy-button.test.tsx"
              name="pid-tooltip browser test &gt; has correct default position prop" time="0.031">
    </testcase>
    <testcase classname="src/components/copy-button/__tests__/copy-button.test.tsx"
              name="pid-tooltip browser test &gt; has correct default maxWidth prop" time="0.035">
    </testcase>
    <testcase classname="src/components/copy-button/__tests__/copy-button.test.tsx"
              name="pid-tooltip browser test &gt; position prop can be set to bottom" time="0.033">
      <system-err>
        stencil The state/prop &quot;calculatedPosition&quot; changed during &quot;componentDidLoad()&quot;, this
        triggers extra re-renders, try to setup on &quot;componentWillLoad()&quot;
        Element &lt;pid-tooltip
        class=&quot;relative inline-block w-full hydrated&quot;
        /&gt;
        New value bottom
        Old value top
      </system-err>
    </testcase>
    <testcase classname="src/components/copy-button/__tests__/copy-button.test.tsx"
              name="locale-visualization browser test &gt; renders with locale prop" time="0.449">
    </testcase>
    <testcase classname="src/components/copy-button/__tests__/copy-button.test.tsx"
              name="locale-visualization browser test &gt; sets the locale prop correctly" time="0.05">
    </testcase>
    <testcase classname="src/components/copy-button/__tests__/copy-button.test.tsx"
              name="locale-visualization browser test &gt; renders with region locale" time="0.034">
    </testcase>
    <testcase classname="src/components/copy-button/__tests__/copy-button.test.tsx"
              name="locale-visualization browser test &gt; showFlag defaults to true" time="0.037">
    </testcase>
  </testsuite>
  <testsuite name="src/components/pid-tooltip/__tests__/pid-tooltip.test.tsx" timestamp="2026-05-11T20:06:16.642Z"
             hostname="Ms-MacBook-Air.fritz.box" tests="11" failures="0" errors="0" skipped="0" time="1.366">
    <testcase classname="src/components/pid-tooltip/__tests__/pid-tooltip.test.tsx"
              name="pid-tooltip e2e &gt; renders and gets hydrated class" time="0.415">
    </testcase>
    <testcase classname="src/components/pid-tooltip/__tests__/pid-tooltip.test.tsx"
              name="pid-tooltip e2e &gt; renders with text content" time="0.064">
    </testcase>
    <testcase classname="src/components/pid-tooltip/__tests__/pid-tooltip.test.tsx"
              name="pid-tooltip e2e &gt; tooltip trigger button exists" time="0.067">
    </testcase>
    <testcase classname="src/components/pid-tooltip/__tests__/pid-tooltip.test.tsx"
              name="pid-tooltip e2e &gt; has correct aria attributes on trigger button" time="0.065">
    </testcase>
    <testcase classname="src/components/pid-tooltip/__tests__/pid-tooltip.test.tsx"
              name="pid-tooltip e2e &gt; has tooltip element with role=&quot;tooltip&quot;" time="0.067">
    </testcase>
    <testcase classname="src/components/pid-tooltip/__tests__/pid-tooltip.test.tsx"
              name="pid-tooltip e2e &gt; tooltip is hidden by default" time="0.07">
    </testcase>
    <testcase classname="src/components/pid-tooltip/__tests__/pid-tooltip.test.tsx"
              name="pid-tooltip e2e &gt; max-width prop applies" time="0.063">
    </testcase>
    <testcase classname="src/components/pid-tooltip/__tests__/pid-tooltip.test.tsx"
              name="pid-tooltip e2e &gt; max-height prop applies" time="0.067">
    </testcase>
    <testcase classname="src/components/pid-tooltip/__tests__/pid-tooltip.test.tsx"
              name="pid-tooltip e2e &gt; does not render button when text is empty" time="0.066">
    </testcase>
    <testcase classname="src/components/pid-tooltip/__tests__/pid-tooltip.test.tsx"
              name="pid-tooltip e2e &gt; tooltip id matches aria-controls on button" time="0.066">
    </testcase>
    <testcase classname="src/components/pid-tooltip/__tests__/pid-tooltip.test.tsx"
              name="pid-tooltip e2e &gt; position prop defaults to top" time="0.034">
    </testcase>
  </testsuite>
</testsuites>
